2017-03-27 18:37:08 INFO  CurrencyExchange:110 - ************* Incoming Instruction ****************
 2017-03-27 18:37:08 INFO  CurrencyExchange:112 - Instruction [instructionId=2, entity=bar, tradeAmount=14899.50000000000007518985434273872670019045472145080566406250, instructionType=S, agreedFX=0.2200000000000000011102230246251565404236316680908203125, currency=AED, instructionDate=1452019028069, settlementDate=1452019028069, units=450, pricePerUnit=150.5]
 2017-03-27 18:37:08 INFO  CurrencyExchange:112 - Instruction [instructionId=6, entity=foo, tradeAmount=14899.50000000000007518985434273872670019045472145080566406250, instructionType=S, agreedFX=0.2200000000000000011102230246251565404236316680908203125, currency=SAR, instructionDate=1452019028069, settlementDate=1452019028069, units=450, pricePerUnit=150.5]
 2017-03-27 18:37:08 INFO  CurrencyExchange:112 - Instruction [instructionId=8, entity=bar, tradeAmount=14899.50000000000007518985434273872670019045472145080566406250, instructionType=S, agreedFX=0.2200000000000000011102230246251565404236316680908203125, currency=AED, instructionDate=1452019028069, settlementDate=1452019028069, units=450, pricePerUnit=150.5]
 2017-03-27 18:37:08 INFO  CurrencyExchange:112 - Instruction [instructionId=12, entity=foo, tradeAmount=13244.00000000000006683542608243442373350262641906738281250000, instructionType=S, agreedFX=0.2200000000000000011102230246251565404236316680908203125, currency=SAR, instructionDate=1452019028069, settlementDate=1452019028069, units=400, pricePerUnit=150.5]
 2017-03-27 18:37:08 INFO  CurrencyExchange:112 - Instruction [instructionId=3, entity=tar, tradeAmount=10025.000, instructionType=S, agreedFX=0.5, currency=USD, instructionDate=1451673428069, settlementDate=1451673428069, units=200, pricePerUnit=100.25]
 2017-03-27 18:37:08 INFO  CurrencyExchange:112 - Instruction [instructionId=9, entity=tar, tradeAmount=10025.000, instructionType=S, agreedFX=0.5, currency=USD, instructionDate=1451673428069, settlementDate=1451673428069, units=200, pricePerUnit=100.25]
 2017-03-27 18:37:08 INFO  CurrencyExchange:110 - ************* Incoming Instruction ****************
 2017-03-27 18:37:08 INFO  CurrencyExchange:112 - Instruction [instructionId=2, entity=bar, tradeAmount=14899.50000000000007518985434273872670019045472145080566406250, instructionType=S, agreedFX=0.2200000000000000011102230246251565404236316680908203125, currency=AED, instructionDate=1452019028084, settlementDate=1452019028084, units=450, pricePerUnit=150.5]
 2017-03-27 18:37:08 INFO  CurrencyExchange:112 - Instruction [instructionId=6, entity=foo, tradeAmount=14899.50000000000007518985434273872670019045472145080566406250, instructionType=S, agreedFX=0.2200000000000000011102230246251565404236316680908203125, currency=SAR, instructionDate=1452019028084, settlementDate=1452019028084, units=450, pricePerUnit=150.5]
 2017-03-27 18:37:08 INFO  CurrencyExchange:112 - Instruction [instructionId=8, entity=bar, tradeAmount=14899.50000000000007518985434273872670019045472145080566406250, instructionType=S, agreedFX=0.2200000000000000011102230246251565404236316680908203125, currency=AED, instructionDate=1452019028084, settlementDate=1452019028084, units=450, pricePerUnit=150.5]
 2017-03-27 18:37:08 INFO  CurrencyExchange:112 - Instruction [instructionId=12, entity=foo, tradeAmount=13244.00000000000006683542608243442373350262641906738281250000, instructionType=S, agreedFX=0.2200000000000000011102230246251565404236316680908203125, currency=SAR, instructionDate=1452019028084, settlementDate=1452019028084, units=400, pricePerUnit=150.5]
 2017-03-27 18:37:08 INFO  CurrencyExchange:112 - Instruction [instructionId=3, entity=tar, tradeAmount=10025.000, instructionType=S, agreedFX=0.5, currency=USD, instructionDate=1451673428084, settlementDate=1451673428084, units=200, pricePerUnit=100.25]
 2017-03-27 18:37:08 INFO  CurrencyExchange:112 - Instruction [instructionId=9, entity=tar, tradeAmount=10025.000, instructionType=S, agreedFX=0.5, currency=USD, instructionDate=1451673428084, settlementDate=1451673428084, units=200, pricePerUnit=100.25]
 2017-03-27 18:40:35 INFO  CurrencyExchangeEngine:112 - ************* Incoming Instruction ****************
 2017-03-27 18:40:35 INFO  CurrencyExchangeEngine:114 - Instruction [instructionId=2, entity=bar, tradeAmount=14899.50000000000007518985434273872670019045472145080566406250, instructionType=S, agreedFX=0.2200000000000000011102230246251565404236316680908203125, currency=AED, instructionDate=1452019235558, settlementDate=1452019235558, units=450, pricePerUnit=150.5]
 2017-03-27 18:40:35 INFO  CurrencyExchangeEngine:114 - Instruction [instructionId=6, entity=foo, tradeAmount=14899.50000000000007518985434273872670019045472145080566406250, instructionType=S, agreedFX=0.2200000000000000011102230246251565404236316680908203125, currency=SAR, instructionDate=1452019235558, settlementDate=1452019235558, units=450, pricePerUnit=150.5]
 2017-03-27 18:40:35 INFO  CurrencyExchangeEngine:114 - Instruction [instructionId=8, entity=bar, tradeAmount=14899.50000000000007518985434273872670019045472145080566406250, instructionType=S, agreedFX=0.2200000000000000011102230246251565404236316680908203125, currency=AED, instructionDate=1452019235558, settlementDate=1452019235558, units=450, pricePerUnit=150.5]
 2017-03-27 18:40:35 INFO  CurrencyExchangeEngine:114 - Instruction [instructionId=12, entity=foo, tradeAmount=13244.00000000000006683542608243442373350262641906738281250000, instructionType=S, agreedFX=0.2200000000000000011102230246251565404236316680908203125, currency=SAR, instructionDate=1452019235558, settlementDate=1452019235558, units=400, pricePerUnit=150.5]
 2017-03-27 18:40:35 INFO  CurrencyExchangeEngine:114 - Instruction [instructionId=3, entity=tar, tradeAmount=10025.000, instructionType=S, agreedFX=0.5, currency=USD, instructionDate=1451673635558, settlementDate=1451673635558, units=200, pricePerUnit=100.25]
 2017-03-27 18:40:35 INFO  CurrencyExchangeEngine:114 - Instruction [instructionId=9, entity=tar, tradeAmount=10025.000, instructionType=S, agreedFX=0.5, currency=USD, instructionDate=1451673635558, settlementDate=1451673635558, units=200, pricePerUnit=100.25]
 2017-03-27 18:40:35 INFO  CurrencyExchangeEngine:112 - ************* Incoming Instruction ****************
 2017-03-27 18:40:35 INFO  CurrencyExchangeEngine:114 - Instruction [instructionId=2, entity=bar, tradeAmount=14899.50000000000007518985434273872670019045472145080566406250, instructionType=S, agreedFX=0.2200000000000000011102230246251565404236316680908203125, currency=AED, instructionDate=1452019235573, settlementDate=1452019235573, units=450, pricePerUnit=150.5]
 2017-03-27 18:40:35 INFO  CurrencyExchangeEngine:114 - Instruction [instructionId=6, entity=foo, tradeAmount=14899.50000000000007518985434273872670019045472145080566406250, instructionType=S, agreedFX=0.2200000000000000011102230246251565404236316680908203125, currency=SAR, instructionDate=1452019235573, settlementDate=1452019235573, units=450, pricePerUnit=150.5]
 2017-03-27 18:40:35 INFO  CurrencyExchangeEngine:114 - Instruction [instructionId=8, entity=bar, tradeAmount=14899.50000000000007518985434273872670019045472145080566406250, instructionType=S, agreedFX=0.2200000000000000011102230246251565404236316680908203125, currency=AED, instructionDate=1452019235573, settlementDate=1452019235573, units=450, pricePerUnit=150.5]
 2017-03-27 18:40:35 INFO  CurrencyExchangeEngine:114 - Instruction [instructionId=12, entity=foo, tradeAmount=13244.00000000000006683542608243442373350262641906738281250000, instructionType=S, agreedFX=0.2200000000000000011102230246251565404236316680908203125, currency=SAR, instructionDate=1452019235573, settlementDate=1452019235573, units=400, pricePerUnit=150.5]
 2017-03-27 18:40:35 INFO  CurrencyExchangeEngine:114 - Instruction [instructionId=3, entity=tar, tradeAmount=10025.000, instructionType=S, agreedFX=0.5, currency=USD, instructionDate=1451673635573, settlementDate=1451673635573, units=200, pricePerUnit=100.25]
 2017-03-27 18:40:35 INFO  CurrencyExchangeEngine:114 - Instruction [instructionId=9, entity=tar, tradeAmount=10025.000, instructionType=S, agreedFX=0.5, currency=USD, instructionDate=1451673635573, settlementDate=1451673635573, units=200, pricePerUnit=100.25]
 2017-03-27 18:42:03 INFO  CurrencyExchangeEngine:112 - ************* Incoming Instruction ****************
 2017-03-27 18:42:03 INFO  CurrencyExchangeEngine:114 - Instruction [instructionId=2, entity=bar, tradeAmount=14899.50000000000007518985434273872670019045472145080566406250, instructionType=S, agreedFX=0.2200000000000000011102230246251565404236316680908203125, currency=AED, instructionDate=1452019323687, settlementDate=1452019323687, units=450, pricePerUnit=150.5]
 2017-03-27 18:42:03 INFO  CurrencyExchangeEngine:114 - Instruction [instructionId=6, entity=foo, tradeAmount=14899.50000000000007518985434273872670019045472145080566406250, instructionType=S, agreedFX=0.2200000000000000011102230246251565404236316680908203125, currency=SAR, instructionDate=1452019323687, settlementDate=1452019323687, units=450, pricePerUnit=150.5]
 2017-03-27 18:42:03 INFO  CurrencyExchangeEngine:114 - Instruction [instructionId=8, entity=bar, tradeAmount=14899.50000000000007518985434273872670019045472145080566406250, instructionType=S, agreedFX=0.2200000000000000011102230246251565404236316680908203125, currency=AED, instructionDate=1452019323687, settlementDate=1452019323687, units=450, pricePerUnit=150.5]
 2017-03-27 18:42:03 INFO  CurrencyExchangeEngine:114 - Instruction [instructionId=12, entity=foo, tradeAmount=13244.00000000000006683542608243442373350262641906738281250000, instructionType=S, agreedFX=0.2200000000000000011102230246251565404236316680908203125, currency=SAR, instructionDate=1452019323687, settlementDate=1452019323687, units=400, pricePerUnit=150.5]
 2017-03-27 18:42:03 INFO  CurrencyExchangeEngine:114 - Instruction [instructionId=3, entity=tar, tradeAmount=10025.000, instructionType=S, agreedFX=0.5, currency=USD, instructionDate=1451673723687, settlementDate=1451673723687, units=200, pricePerUnit=100.25]
 2017-03-27 18:42:03 INFO  CurrencyExchangeEngine:114 - Instruction [instructionId=9, entity=tar, tradeAmount=10025.000, instructionType=S, agreedFX=0.5, currency=USD, instructionDate=1451673723687, settlementDate=1451673723687, units=200, pricePerUnit=100.25]
 2017-03-27 18:42:03 INFO  CurrencyExchangeEngine:116 - ***************************************************

 2017-03-27 18:42:03 INFO  CurrencyExchangeEngine:118 - ************* Incoming Instruction ****************
 2017-03-27 18:42:03 INFO  CurrencyExchangeEngine:120 - Instruction [instructionId=4, entity=gar, tradeAmount=14899.50000000000007518985434273872670019045472145080566406250, instructionType=B, agreedFX=0.2200000000000000011102230246251565404236316680908203125, currency=GBP, instructionDate=1452019323687, settlementDate=1452019323687, units=450, pricePerUnit=150.5]
 2017-03-27 18:42:03 INFO  CurrencyExchangeEngine:120 - Instruction [instructionId=10, entity=gar, tradeAmount=14899.50000000000007518985434273872670019045472145080566406250, instructionType=B, agreedFX=0.2200000000000000011102230246251565404236316680908203125, currency=GBP, instructionDate=1452019323687, settlementDate=1452019323687, units=450, pricePerUnit=150.5]
 2017-03-27 18:42:03 INFO  CurrencyExchangeEngine:120 - Instruction [instructionId=1, entity=foo, tradeAmount=10025.000, instructionType=B, agreedFX=0.5, currency=SAR, instructionDate=1451673723671, settlementDate=1451846523671, units=200, pricePerUnit=100.25]
 2017-03-27 18:42:03 INFO  CurrencyExchangeEngine:120 - Instruction [instructionId=5, entity=gar, tradeAmount=10025.000, instructionType=B, agreedFX=0.5, currency=GBP, instructionDate=1451673723687, settlementDate=1451673723687, units=200, pricePerUnit=100.25]
 2017-03-27 18:42:03 INFO  CurrencyExchangeEngine:120 - Instruction [instructionId=7, entity=foo, tradeAmount=10025.000, instructionType=B, agreedFX=0.5, currency=SAR, instructionDate=1451673723687, settlementDate=1451846523687, units=200, pricePerUnit=100.25]
 2017-03-27 18:42:03 INFO  CurrencyExchangeEngine:120 - Instruction [instructionId=11, entity=gar, tradeAmount=5012.500, instructionType=B, agreedFX=0.5, currency=GBP, instructionDate=1451673723687, settlementDate=1451673723687, units=100, pricePerUnit=100.25]
 2017-03-27 18:42:03 INFO  CurrencyExchangeEngine:122 - ***************************************************

 2017-03-27 18:42:03 INFO  CurrencyExchangeEngine:112 - ************* Incoming Instruction ****************
 2017-03-27 18:42:03 INFO  CurrencyExchangeEngine:114 - Instruction [instructionId=2, entity=bar, tradeAmount=14899.50000000000007518985434273872670019045472145080566406250, instructionType=S, agreedFX=0.2200000000000000011102230246251565404236316680908203125, currency=AED, instructionDate=1452019323702, settlementDate=1452019323702, units=450, pricePerUnit=150.5]
 2017-03-27 18:42:03 INFO  CurrencyExchangeEngine:114 - Instruction [instructionId=6, entity=foo, tradeAmount=14899.50000000000007518985434273872670019045472145080566406250, instructionType=S, agreedFX=0.2200000000000000011102230246251565404236316680908203125, currency=SAR, instructionDate=1452019323702, settlementDate=1452019323702, units=450, pricePerUnit=150.5]
 2017-03-27 18:42:03 INFO  CurrencyExchangeEngine:114 - Instruction [instructionId=8, entity=bar, tradeAmount=14899.50000000000007518985434273872670019045472145080566406250, instructionType=S, agreedFX=0.2200000000000000011102230246251565404236316680908203125, currency=AED, instructionDate=1452019323702, settlementDate=1452019323702, units=450, pricePerUnit=150.5]
 2017-03-27 18:42:03 INFO  CurrencyExchangeEngine:114 - Instruction [instructionId=12, entity=foo, tradeAmount=13244.00000000000006683542608243442373350262641906738281250000, instructionType=S, agreedFX=0.2200000000000000011102230246251565404236316680908203125, currency=SAR, instructionDate=1452019323702, settlementDate=1452019323702, units=400, pricePerUnit=150.5]
 2017-03-27 18:42:03 INFO  CurrencyExchangeEngine:114 - Instruction [instructionId=3, entity=tar, tradeAmount=10025.000, instructionType=S, agreedFX=0.5, currency=USD, instructionDate=1451673723702, settlementDate=1451673723702, units=200, pricePerUnit=100.25]
 2017-03-27 18:42:03 INFO  CurrencyExchangeEngine:114 - Instruction [instructionId=9, entity=tar, tradeAmount=10025.000, instructionType=S, agreedFX=0.5, currency=USD, instructionDate=1451673723702, settlementDate=1451673723702, units=200, pricePerUnit=100.25]
 2017-03-27 18:42:03 INFO  CurrencyExchangeEngine:116 - ***************************************************

 2017-03-27 18:42:03 INFO  CurrencyExchangeEngine:118 - ************* Incoming Instruction ****************
 2017-03-27 18:42:03 INFO  CurrencyExchangeEngine:120 - Instruction [instructionId=4, entity=gar, tradeAmount=14899.50000000000007518985434273872670019045472145080566406250, instructionType=B, agreedFX=0.2200000000000000011102230246251565404236316680908203125, currency=GBP, instructionDate=1452019323702, settlementDate=1452019323702, units=450, pricePerUnit=150.5]
 2017-03-27 18:42:03 INFO  CurrencyExchangeEngine:120 - Instruction [instructionId=10, entity=gar, tradeAmount=14899.50000000000007518985434273872670019045472145080566406250, instructionType=B, agreedFX=0.2200000000000000011102230246251565404236316680908203125, currency=GBP, instructionDate=1452019323702, settlementDate=1452019323702, units=450, pricePerUnit=150.5]
 2017-03-27 18:42:03 INFO  CurrencyExchangeEngine:120 - Instruction [instructionId=1, entity=foo, tradeAmount=10025.000, instructionType=B, agreedFX=0.5, currency=SAR, instructionDate=1451673723702, settlementDate=1451846523702, units=200, pricePerUnit=100.25]
 2017-03-27 18:42:03 INFO  CurrencyExchangeEngine:120 - Instruction [instructionId=5, entity=gar, tradeAmount=10025.000, instructionType=B, agreedFX=0.5, currency=GBP, instructionDate=1451673723702, settlementDate=1451673723702, units=200, pricePerUnit=100.25]
 2017-03-27 18:42:03 INFO  CurrencyExchangeEngine:120 - Instruction [instructionId=7, entity=foo, tradeAmount=10025.000, instructionType=B, agreedFX=0.5, currency=SAR, instructionDate=1451673723702, settlementDate=1451846523702, units=200, pricePerUnit=100.25]
 2017-03-27 18:42:03 INFO  CurrencyExchangeEngine:120 - Instruction [instructionId=11, entity=gar, tradeAmount=5012.500, instructionType=B, agreedFX=0.5, currency=GBP, instructionDate=1451673723702, settlementDate=1451673723702, units=100, pricePerUnit=100.25]
 2017-03-27 18:42:03 INFO  CurrencyExchangeEngine:122 - ***************************************************

 2017-03-27 18:43:11 INFO  CurrencyExchangeEngine:112 - ************* Incoming Instruction ****************
 2017-03-27 18:43:11 INFO  CurrencyExchangeEngine:114 - Instruction [instructionId=2, entity=bar, tradeAmount=14899.50000000000007518985434273872670019045472145080566406250, instructionType=S, agreedFX=0.2200000000000000011102230246251565404236316680908203125, currency=AED, instructionDate=1452019391336, settlementDate=1452019391336, units=450, pricePerUnit=150.5]
 2017-03-27 18:43:11 INFO  CurrencyExchangeEngine:114 - Instruction [instructionId=6, entity=foo, tradeAmount=14899.50000000000007518985434273872670019045472145080566406250, instructionType=S, agreedFX=0.2200000000000000011102230246251565404236316680908203125, currency=SAR, instructionDate=1452019391336, settlementDate=1452019391336, units=450, pricePerUnit=150.5]
 2017-03-27 18:43:11 INFO  CurrencyExchangeEngine:114 - Instruction [instructionId=8, entity=bar, tradeAmount=14899.50000000000007518985434273872670019045472145080566406250, instructionType=S, agreedFX=0.2200000000000000011102230246251565404236316680908203125, currency=AED, instructionDate=1452019391336, settlementDate=1452019391336, units=450, pricePerUnit=150.5]
 2017-03-27 18:43:11 INFO  CurrencyExchangeEngine:114 - Instruction [instructionId=12, entity=foo, tradeAmount=13244.00000000000006683542608243442373350262641906738281250000, instructionType=S, agreedFX=0.2200000000000000011102230246251565404236316680908203125, currency=SAR, instructionDate=1452019391336, settlementDate=1452019391336, units=400, pricePerUnit=150.5]
 2017-03-27 18:43:11 INFO  CurrencyExchangeEngine:114 - Instruction [instructionId=3, entity=tar, tradeAmount=10025.000, instructionType=S, agreedFX=0.5, currency=USD, instructionDate=1451673791336, settlementDate=1451673791336, units=200, pricePerUnit=100.25]
 2017-03-27 18:43:11 INFO  CurrencyExchangeEngine:114 - Instruction [instructionId=9, entity=tar, tradeAmount=10025.000, instructionType=S, agreedFX=0.5, currency=USD, instructionDate=1451673791336, settlementDate=1451673791336, units=200, pricePerUnit=100.25]
 2017-03-27 18:43:11 INFO  CurrencyExchangeEngine:116 - ***************************************************

 2017-03-27 18:43:11 INFO  CurrencyExchangeEngine:118 - ************* Outgoing Instruction ****************
 2017-03-27 18:43:11 INFO  CurrencyExchangeEngine:120 - Instruction [instructionId=4, entity=gar, tradeAmount=14899.50000000000007518985434273872670019045472145080566406250, instructionType=B, agreedFX=0.2200000000000000011102230246251565404236316680908203125, currency=GBP, instructionDate=1452019391336, settlementDate=1452019391336, units=450, pricePerUnit=150.5]
 2017-03-27 18:43:11 INFO  CurrencyExchangeEngine:120 - Instruction [instructionId=10, entity=gar, tradeAmount=14899.50000000000007518985434273872670019045472145080566406250, instructionType=B, agreedFX=0.2200000000000000011102230246251565404236316680908203125, currency=GBP, instructionDate=1452019391336, settlementDate=1452019391336, units=450, pricePerUnit=150.5]
 2017-03-27 18:43:11 INFO  CurrencyExchangeEngine:120 - Instruction [instructionId=1, entity=foo, tradeAmount=10025.000, instructionType=B, agreedFX=0.5, currency=SAR, instructionDate=1451673791336, settlementDate=1451846591336, units=200, pricePerUnit=100.25]
 2017-03-27 18:43:11 INFO  CurrencyExchangeEngine:120 - Instruction [instructionId=5, entity=gar, tradeAmount=10025.000, instructionType=B, agreedFX=0.5, currency=GBP, instructionDate=1451673791336, settlementDate=1451673791336, units=200, pricePerUnit=100.25]
 2017-03-27 18:43:11 INFO  CurrencyExchangeEngine:120 - Instruction [instructionId=7, entity=foo, tradeAmount=10025.000, instructionType=B, agreedFX=0.5, currency=SAR, instructionDate=1451673791336, settlementDate=1451846591336, units=200, pricePerUnit=100.25]
 2017-03-27 18:43:11 INFO  CurrencyExchangeEngine:120 - Instruction [instructionId=11, entity=gar, tradeAmount=5012.500, instructionType=B, agreedFX=0.5, currency=GBP, instructionDate=1451673791336, settlementDate=1451673791336, units=100, pricePerUnit=100.25]
 2017-03-27 18:43:11 INFO  CurrencyExchangeEngine:122 - ***************************************************

 2017-03-27 18:45:24 INFO  CurrencyExchangeEngine:112 - ************* Incoming Instruction ****************
 2017-03-27 18:45:24 INFO  CurrencyExchangeEngine:114 - Instruction [instructionId=2, entity=bar, tradeAmount=14899.50, instructionType=S, agreedFX=0.2200000000000000011102230246251565404236316680908203125, currency=AED, instructionDate=1452019524798, settlementDate=1452019524798, units=450, pricePerUnit=150.5]
 2017-03-27 18:45:24 INFO  CurrencyExchangeEngine:114 - Instruction [instructionId=6, entity=foo, tradeAmount=14899.50, instructionType=S, agreedFX=0.2200000000000000011102230246251565404236316680908203125, currency=SAR, instructionDate=1452019524798, settlementDate=1452019524798, units=450, pricePerUnit=150.5]
 2017-03-27 18:45:24 INFO  CurrencyExchangeEngine:114 - Instruction [instructionId=8, entity=bar, tradeAmount=14899.50, instructionType=S, agreedFX=0.2200000000000000011102230246251565404236316680908203125, currency=AED, instructionDate=1452019524798, settlementDate=1452019524798, units=450, pricePerUnit=150.5]
 2017-03-27 18:45:24 INFO  CurrencyExchangeEngine:114 - Instruction [instructionId=12, entity=foo, tradeAmount=13244.00, instructionType=S, agreedFX=0.2200000000000000011102230246251565404236316680908203125, currency=SAR, instructionDate=1452019524798, settlementDate=1452019524798, units=400, pricePerUnit=150.5]
 2017-03-27 18:45:24 INFO  CurrencyExchangeEngine:114 - Instruction [instructionId=3, entity=tar, tradeAmount=10025.00, instructionType=S, agreedFX=0.5, currency=USD, instructionDate=1451673924798, settlementDate=1451673924798, units=200, pricePerUnit=100.25]
 2017-03-27 18:45:24 INFO  CurrencyExchangeEngine:114 - Instruction [instructionId=9, entity=tar, tradeAmount=10025.00, instructionType=S, agreedFX=0.5, currency=USD, instructionDate=1451673924798, settlementDate=1451673924798, units=200, pricePerUnit=100.25]
 2017-03-27 18:45:24 INFO  CurrencyExchangeEngine:116 - ***************************************************

 2017-03-27 18:45:24 INFO  CurrencyExchangeEngine:118 - ************* Outgoing Instruction ****************
 2017-03-27 18:45:24 INFO  CurrencyExchangeEngine:120 - Instruction [instructionId=4, entity=gar, tradeAmount=14899.50, instructionType=B, agreedFX=0.2200000000000000011102230246251565404236316680908203125, currency=GBP, instructionDate=1452019524798, settlementDate=1452019524798, units=450, pricePerUnit=150.5]
 2017-03-27 18:45:24 INFO  CurrencyExchangeEngine:120 - Instruction [instructionId=10, entity=gar, tradeAmount=14899.50, instructionType=B, agreedFX=0.2200000000000000011102230246251565404236316680908203125, currency=GBP, instructionDate=1452019524798, settlementDate=1452019524798, units=450, pricePerUnit=150.5]
 2017-03-27 18:45:24 INFO  CurrencyExchangeEngine:120 - Instruction [instructionId=1, entity=foo, tradeAmount=10025.00, instructionType=B, agreedFX=0.5, currency=SAR, instructionDate=1451673924798, settlementDate=1451846724798, units=200, pricePerUnit=100.25]
 2017-03-27 18:45:24 INFO  CurrencyExchangeEngine:120 - Instruction [instructionId=5, entity=gar, tradeAmount=10025.00, instructionType=B, agreedFX=0.5, currency=GBP, instructionDate=1451673924798, settlementDate=1451673924798, units=200, pricePerUnit=100.25]
 2017-03-27 18:45:24 INFO  CurrencyExchangeEngine:120 - Instruction [instructionId=7, entity=foo, tradeAmount=10025.00, instructionType=B, agreedFX=0.5, currency=SAR, instructionDate=1451673924798, settlementDate=1451846724798, units=200, pricePerUnit=100.25]
 2017-03-27 18:45:24 INFO  CurrencyExchangeEngine:120 - Instruction [instructionId=11, entity=gar, tradeAmount=5012.50, instructionType=B, agreedFX=0.5, currency=GBP, instructionDate=1451673924798, settlementDate=1451673924798, units=100, pricePerUnit=100.25]
 2017-03-27 18:45:24 INFO  CurrencyExchangeEngine:122 - ***************************************************

 2017-03-27 18:47:17 INFO  CurrencyExchangeEngine:112 - ************* Incoming Instruction ****************
 2017-03-27 18:47:17 INFO  CurrencyExchangeEngine:114 - Instruction [instructionId=2, entity=bar, tradeAmount=14899.50, instructionType=S, agreedFX=0.22, currency=AED, instructionDate=1452019637083, settlementDate=1452019637083, units=450, pricePerUnit=150.50]
 2017-03-27 18:47:17 INFO  CurrencyExchangeEngine:114 - Instruction [instructionId=6, entity=foo, tradeAmount=14899.50, instructionType=S, agreedFX=0.22, currency=SAR, instructionDate=1452019637083, settlementDate=1452019637083, units=450, pricePerUnit=150.50]
 2017-03-27 18:47:17 INFO  CurrencyExchangeEngine:114 - Instruction [instructionId=8, entity=bar, tradeAmount=14899.50, instructionType=S, agreedFX=0.22, currency=AED, instructionDate=1452019637083, settlementDate=1452019637083, units=450, pricePerUnit=150.50]
 2017-03-27 18:47:17 INFO  CurrencyExchangeEngine:114 - Instruction [instructionId=12, entity=foo, tradeAmount=13244.00, instructionType=S, agreedFX=0.22, currency=SAR, instructionDate=1452019637083, settlementDate=1452019637083, units=400, pricePerUnit=150.50]
 2017-03-27 18:47:17 INFO  CurrencyExchangeEngine:114 - Instruction [instructionId=3, entity=tar, tradeAmount=10025.00, instructionType=S, agreedFX=0.50, currency=USD, instructionDate=1451674037083, settlementDate=1451674037083, units=200, pricePerUnit=100.25]
 2017-03-27 18:47:17 INFO  CurrencyExchangeEngine:114 - Instruction [instructionId=9, entity=tar, tradeAmount=10025.00, instructionType=S, agreedFX=0.50, currency=USD, instructionDate=1451674037083, settlementDate=1451674037083, units=200, pricePerUnit=100.25]
 2017-03-27 18:47:17 INFO  CurrencyExchangeEngine:116 - ***************************************************

 2017-03-27 18:47:17 INFO  CurrencyExchangeEngine:118 - ************* Outgoing Instruction ****************
 2017-03-27 18:47:17 INFO  CurrencyExchangeEngine:120 - Instruction [instructionId=4, entity=gar, tradeAmount=14899.50, instructionType=B, agreedFX=0.22, currency=GBP, instructionDate=1452019637083, settlementDate=1452019637083, units=450, pricePerUnit=150.50]
 2017-03-27 18:47:17 INFO  CurrencyExchangeEngine:120 - Instruction [instructionId=10, entity=gar, tradeAmount=14899.50, instructionType=B, agreedFX=0.22, currency=GBP, instructionDate=1452019637083, settlementDate=1452019637083, units=450, pricePerUnit=150.50]
 2017-03-27 18:47:17 INFO  CurrencyExchangeEngine:120 - Instruction [instructionId=1, entity=foo, tradeAmount=10025.00, instructionType=B, agreedFX=0.50, currency=SAR, instructionDate=1451674037083, settlementDate=1451846837083, units=200, pricePerUnit=100.25]
 2017-03-27 18:47:17 INFO  CurrencyExchangeEngine:120 - Instruction [instructionId=5, entity=gar, tradeAmount=10025.00, instructionType=B, agreedFX=0.50, currency=GBP, instructionDate=1451674037083, settlementDate=1451674037083, units=200, pricePerUnit=100.25]
 2017-03-27 18:47:17 INFO  CurrencyExchangeEngine:120 - Instruction [instructionId=7, entity=foo, tradeAmount=10025.00, instructionType=B, agreedFX=0.50, currency=SAR, instructionDate=1451674037083, settlementDate=1451846837083, units=200, pricePerUnit=100.25]
 2017-03-27 18:47:17 INFO  CurrencyExchangeEngine:120 - Instruction [instructionId=11, entity=gar, tradeAmount=5012.50, instructionType=B, agreedFX=0.50, currency=GBP, instructionDate=1451674037083, settlementDate=1451674037083, units=100, pricePerUnit=100.25]
 2017-03-27 18:47:17 INFO  CurrencyExchangeEngine:122 - ***************************************************

 2017-03-27 18:48:19 INFO  CurrencyExchangeEngine:112 - ************* Incoming Instruction ****************
 2017-03-27 18:48:19 INFO  CurrencyExchangeEngine:114 - Instruction [instructionId=2, entity=bar, tradeAmount=14899.50, instructionType=S, agreedFX=0.22, currency=AED, instructionDate=Tue Jan 05 18:48:19 GMT 2016, settlementDate=Tue Jan 05 18:48:19 GMT 2016, units=450, pricePerUnit=150.50]
 2017-03-27 18:48:19 INFO  CurrencyExchangeEngine:114 - Instruction [instructionId=6, entity=foo, tradeAmount=14899.50, instructionType=S, agreedFX=0.22, currency=SAR, instructionDate=Tue Jan 05 18:48:19 GMT 2016, settlementDate=Tue Jan 05 18:48:19 GMT 2016, units=450, pricePerUnit=150.50]
 2017-03-27 18:48:19 INFO  CurrencyExchangeEngine:114 - Instruction [instructionId=8, entity=bar, tradeAmount=14899.50, instructionType=S, agreedFX=0.22, currency=AED, instructionDate=Tue Jan 05 18:48:19 GMT 2016, settlementDate=Tue Jan 05 18:48:19 GMT 2016, units=450, pricePerUnit=150.50]
 2017-03-27 18:48:19 INFO  CurrencyExchangeEngine:114 - Instruction [instructionId=12, entity=foo, tradeAmount=13244.00, instructionType=S, agreedFX=0.22, currency=SAR, instructionDate=Tue Jan 05 18:48:19 GMT 2016, settlementDate=Tue Jan 05 18:48:19 GMT 2016, units=400, pricePerUnit=150.50]
 2017-03-27 18:48:19 INFO  CurrencyExchangeEngine:114 - Instruction [instructionId=3, entity=tar, tradeAmount=10025.00, instructionType=S, agreedFX=0.50, currency=USD, instructionDate=Fri Jan 01 18:48:19 GMT 2016, settlementDate=Fri Jan 01 18:48:19 GMT 2016, units=200, pricePerUnit=100.25]
 2017-03-27 18:48:19 INFO  CurrencyExchangeEngine:114 - Instruction [instructionId=9, entity=tar, tradeAmount=10025.00, instructionType=S, agreedFX=0.50, currency=USD, instructionDate=Fri Jan 01 18:48:19 GMT 2016, settlementDate=Fri Jan 01 18:48:19 GMT 2016, units=200, pricePerUnit=100.25]
 2017-03-27 18:48:19 INFO  CurrencyExchangeEngine:116 - ***************************************************

 2017-03-27 18:48:19 INFO  CurrencyExchangeEngine:118 - ************* Outgoing Instruction ****************
 2017-03-27 18:48:19 INFO  CurrencyExchangeEngine:120 - Instruction [instructionId=4, entity=gar, tradeAmount=14899.50, instructionType=B, agreedFX=0.22, currency=GBP, instructionDate=Tue Jan 05 18:48:19 GMT 2016, settlementDate=Tue Jan 05 18:48:19 GMT 2016, units=450, pricePerUnit=150.50]
 2017-03-27 18:48:19 INFO  CurrencyExchangeEngine:120 - Instruction [instructionId=10, entity=gar, tradeAmount=14899.50, instructionType=B, agreedFX=0.22, currency=GBP, instructionDate=Tue Jan 05 18:48:19 GMT 2016, settlementDate=Tue Jan 05 18:48:19 GMT 2016, units=450, pricePerUnit=150.50]
 2017-03-27 18:48:19 INFO  CurrencyExchangeEngine:120 - Instruction [instructionId=1, entity=foo, tradeAmount=10025.00, instructionType=B, agreedFX=0.50, currency=SAR, instructionDate=Fri Jan 01 18:48:19 GMT 2016, settlementDate=Sun Jan 03 18:48:19 GMT 2016, units=200, pricePerUnit=100.25]
 2017-03-27 18:48:19 INFO  CurrencyExchangeEngine:120 - Instruction [instructionId=5, entity=gar, tradeAmount=10025.00, instructionType=B, agreedFX=0.50, currency=GBP, instructionDate=Fri Jan 01 18:48:19 GMT 2016, settlementDate=Fri Jan 01 18:48:19 GMT 2016, units=200, pricePerUnit=100.25]
 2017-03-27 18:48:19 INFO  CurrencyExchangeEngine:120 - Instruction [instructionId=7, entity=foo, tradeAmount=10025.00, instructionType=B, agreedFX=0.50, currency=SAR, instructionDate=Fri Jan 01 18:48:19 GMT 2016, settlementDate=Sun Jan 03 18:48:19 GMT 2016, units=200, pricePerUnit=100.25]
 2017-03-27 18:48:19 INFO  CurrencyExchangeEngine:120 - Instruction [instructionId=11, entity=gar, tradeAmount=5012.50, instructionType=B, agreedFX=0.50, currency=GBP, instructionDate=Fri Jan 01 18:48:19 GMT 2016, settlementDate=Fri Jan 01 18:48:19 GMT 2016, units=100, pricePerUnit=100.25]
 2017-03-27 18:48:19 INFO  CurrencyExchangeEngine:122 - ***************************************************

 2017-03-28 11:35:50 INFO  CurrencyExchangeEngine:117 - ************* Incoming Instruction ****************
 2017-03-28 11:35:50 INFO  CurrencyExchangeEngine:119 - Instruction [instructionId=2, entity=bar, tradeAmount=14899.50, instructionType=S, agreedFX=0.22, currency=AED, instructionDate=Tue Jan 05 11:35:50 GMT 2016, settlementDate=Tue Jan 05 11:35:50 GMT 2016, units=450, pricePerUnit=150.50]
 2017-03-28 11:35:50 INFO  CurrencyExchangeEngine:119 - Instruction [instructionId=6, entity=foo, tradeAmount=14899.50, instructionType=S, agreedFX=0.22, currency=SAR, instructionDate=Tue Jan 05 11:35:50 GMT 2016, settlementDate=Tue Jan 05 11:35:50 GMT 2016, units=450, pricePerUnit=150.50]
 2017-03-28 11:35:50 INFO  CurrencyExchangeEngine:119 - Instruction [instructionId=8, entity=bar, tradeAmount=14899.50, instructionType=S, agreedFX=0.22, currency=AED, instructionDate=Tue Jan 05 11:35:50 GMT 2016, settlementDate=Tue Jan 05 11:35:50 GMT 2016, units=450, pricePerUnit=150.50]
 2017-03-28 11:35:50 INFO  CurrencyExchangeEngine:119 - Instruction [instructionId=12, entity=foo, tradeAmount=13244.00, instructionType=S, agreedFX=0.22, currency=SAR, instructionDate=Tue Jan 05 11:35:50 GMT 2016, settlementDate=Tue Jan 05 11:35:50 GMT 2016, units=400, pricePerUnit=150.50]
 2017-03-28 11:35:50 INFO  CurrencyExchangeEngine:119 - Instruction [instructionId=3, entity=tar, tradeAmount=10025.00, instructionType=S, agreedFX=0.50, currency=USD, instructionDate=Fri Jan 01 11:35:50 GMT 2016, settlementDate=Fri Jan 01 11:35:50 GMT 2016, units=200, pricePerUnit=100.25]
 2017-03-28 11:35:50 INFO  CurrencyExchangeEngine:119 - Instruction [instructionId=9, entity=tar, tradeAmount=10025.00, instructionType=S, agreedFX=0.50, currency=USD, instructionDate=Fri Jan 01 11:35:50 GMT 2016, settlementDate=Fri Jan 01 11:35:50 GMT 2016, units=200, pricePerUnit=100.25]
 2017-03-28 11:35:50 INFO  CurrencyExchangeEngine:121 - ***************************************************

 2017-03-28 11:35:50 INFO  CurrencyExchangeEngine:123 - ************* Outgoing Instruction ****************
 2017-03-28 11:35:50 INFO  CurrencyExchangeEngine:125 - Instruction [instructionId=4, entity=gar, tradeAmount=14899.50, instructionType=B, agreedFX=0.22, currency=GBP, instructionDate=Tue Jan 05 11:35:50 GMT 2016, settlementDate=Tue Jan 05 11:35:50 GMT 2016, units=450, pricePerUnit=150.50]
 2017-03-28 11:35:50 INFO  CurrencyExchangeEngine:125 - Instruction [instructionId=10, entity=gar, tradeAmount=14899.50, instructionType=B, agreedFX=0.22, currency=GBP, instructionDate=Tue Jan 05 11:35:50 GMT 2016, settlementDate=Tue Jan 05 11:35:50 GMT 2016, units=450, pricePerUnit=150.50]
 2017-03-28 11:35:50 INFO  CurrencyExchangeEngine:125 - Instruction [instructionId=1, entity=foo, tradeAmount=10025.00, instructionType=B, agreedFX=0.50, currency=SAR, instructionDate=Fri Jan 01 11:35:50 GMT 2016, settlementDate=Sun Jan 03 11:35:50 GMT 2016, units=200, pricePerUnit=100.25]
 2017-03-28 11:35:50 INFO  CurrencyExchangeEngine:125 - Instruction [instructionId=5, entity=gar, tradeAmount=10025.00, instructionType=B, agreedFX=0.50, currency=GBP, instructionDate=Fri Jan 01 11:35:50 GMT 2016, settlementDate=Fri Jan 01 11:35:50 GMT 2016, units=200, pricePerUnit=100.25]
 2017-03-28 11:35:50 INFO  CurrencyExchangeEngine:125 - Instruction [instructionId=7, entity=foo, tradeAmount=10025.00, instructionType=B, agreedFX=0.50, currency=SAR, instructionDate=Fri Jan 01 11:35:50 GMT 2016, settlementDate=Sun Jan 03 11:35:50 GMT 2016, units=200, pricePerUnit=100.25]
 2017-03-28 11:35:50 INFO  CurrencyExchangeEngine:125 - Instruction [instructionId=11, entity=gar, tradeAmount=5012.50, instructionType=B, agreedFX=0.50, currency=GBP, instructionDate=Fri Jan 01 11:35:50 GMT 2016, settlementDate=Fri Jan 01 11:35:50 GMT 2016, units=100, pricePerUnit=100.25]
 2017-03-28 11:35:50 INFO  CurrencyExchangeEngine:127 - ***************************************************

 2017-03-28 11:57:09 INFO  CurrencyExchangeEngine:117 - ************* Incoming Instruction ****************
 2017-03-28 11:57:09 INFO  CurrencyExchangeEngine:119 - Instruction [instructionId=12, entity=foo, tradeAmount=21653.94, instructionType=S, agreedFX=0.22, currency=SAR, instructionDate=Tue Jan 05 11:57:09 GMT 2016, settlementDate=Tue Jan 05 11:57:09 GMT 2016, units=654, pricePerUnit=150.50]
 2017-03-28 11:57:09 INFO  CurrencyExchangeEngine:119 - Instruction [instructionId=9, entity=tar, tradeAmount=16090.12, instructionType=S, agreedFX=0.50, currency=USD, instructionDate=Fri Jan 01 11:57:09 GMT 2016, settlementDate=Fri Jan 01 11:57:09 GMT 2016, units=321, pricePerUnit=100.25]
 2017-03-28 11:57:09 INFO  CurrencyExchangeEngine:119 - Instruction [instructionId=2, entity=bar, tradeAmount=14899.50, instructionType=S, agreedFX=0.22, currency=AED, instructionDate=Tue Jan 05 11:57:09 GMT 2016, settlementDate=Tue Jan 05 11:57:09 GMT 2016, units=450, pricePerUnit=150.50]
 2017-03-28 11:57:09 INFO  CurrencyExchangeEngine:119 - Instruction [instructionId=6, entity=foo, tradeAmount=8575.49, instructionType=S, agreedFX=0.22, currency=SAR, instructionDate=Tue Jan 05 11:57:09 GMT 2016, settlementDate=Tue Jan 05 11:57:09 GMT 2016, units=259, pricePerUnit=150.50]
 2017-03-28 11:57:09 INFO  CurrencyExchangeEngine:119 - Instruction [instructionId=8, entity=bar, tradeAmount=5032.72, instructionType=S, agreedFX=0.22, currency=AED, instructionDate=Tue Jan 05 11:57:09 GMT 2016, settlementDate=Tue Jan 05 11:57:09 GMT 2016, units=152, pricePerUnit=150.50]
 2017-03-28 11:57:09 INFO  CurrencyExchangeEngine:119 - Instruction [instructionId=3, entity=tar, tradeAmount=5012.50, instructionType=S, agreedFX=0.50, currency=USD, instructionDate=Fri Jan 01 11:57:09 GMT 2016, settlementDate=Fri Jan 01 11:57:09 GMT 2016, units=100, pricePerUnit=100.25]
 2017-03-28 11:57:09 INFO  CurrencyExchangeEngine:121 - ***************************************************

 2017-03-28 11:57:09 INFO  CurrencyExchangeEngine:123 - ************* Outgoing Instruction ****************
 2017-03-28 11:57:09 INFO  CurrencyExchangeEngine:125 - Instruction [instructionId=11, entity=gar, tradeAmount=22857.00, instructionType=B, agreedFX=0.50, currency=GBP, instructionDate=Fri Jan 01 11:57:09 GMT 2016, settlementDate=Fri Jan 01 11:57:09 GMT 2016, units=456, pricePerUnit=100.25]
 2017-03-28 11:57:09 INFO  CurrencyExchangeEngine:125 - Instruction [instructionId=7, entity=foo, tradeAmount=18997.37, instructionType=B, agreedFX=0.50, currency=SAR, instructionDate=Fri Jan 01 11:57:09 GMT 2016, settlementDate=Sun Jan 03 11:57:09 GMT 2016, units=379, pricePerUnit=100.25]
 2017-03-28 11:57:09 INFO  CurrencyExchangeEngine:125 - Instruction [instructionId=5, entity=gar, tradeAmount=12531.25, instructionType=B, agreedFX=0.50, currency=GBP, instructionDate=Fri Jan 01 11:57:09 GMT 2016, settlementDate=Fri Jan 01 11:57:09 GMT 2016, units=250, pricePerUnit=100.25]
 2017-03-28 11:57:09 INFO  CurrencyExchangeEngine:125 - Instruction [instructionId=4, entity=gar, tradeAmount=11588.50, instructionType=B, agreedFX=0.22, currency=GBP, instructionDate=Tue Jan 05 11:57:09 GMT 2016, settlementDate=Tue Jan 05 11:57:09 GMT 2016, units=350, pricePerUnit=150.50]
 2017-03-28 11:57:09 INFO  CurrencyExchangeEngine:125 - Instruction [instructionId=1, entity=foo, tradeAmount=10025.00, instructionType=B, agreedFX=0.50, currency=SAR, instructionDate=Fri Jan 01 11:57:09 GMT 2016, settlementDate=Sun Jan 03 11:57:09 GMT 2016, units=200, pricePerUnit=100.25]
 2017-03-28 11:57:09 INFO  CurrencyExchangeEngine:125 - Instruction [instructionId=10, entity=gar, tradeAmount=4072.53, instructionType=B, agreedFX=0.22, currency=GBP, instructionDate=Tue Jan 05 11:57:09 GMT 2016, settlementDate=Tue Jan 05 11:57:09 GMT 2016, units=123, pricePerUnit=150.50]
 2017-03-28 11:57:09 INFO  CurrencyExchangeEngine:127 - ***************************************************

 2017-03-28 11:59:33 INFO  CurrencyExchangeEngine:117 - ************* Incoming Instruction ****************
 2017-03-28 11:59:33 INFO  CurrencyExchangeEngine:119 - Instruction [instructionId=12, entity=foo, tradeAmount=49213.50, instructionType=S, agreedFX=0.50, currency=SAR, instructionDate=Tue Jan 05 11:59:33 GMT 2016, settlementDate=Tue Jan 05 11:59:33 GMT 2016, units=654, pricePerUnit=150.50]
 2017-03-28 11:59:33 INFO  CurrencyExchangeEngine:119 - Instruction [instructionId=9, entity=tar, tradeAmount=17699.14, instructionType=S, agreedFX=0.55, currency=USD, instructionDate=Fri Jan 01 11:59:33 GMT 2016, settlementDate=Fri Jan 01 11:59:33 GMT 2016, units=321, pricePerUnit=100.25]
 2017-03-28 11:59:33 INFO  CurrencyExchangeEngine:119 - Instruction [instructionId=6, entity=foo, tradeAmount=15591.80, instructionType=S, agreedFX=0.40, currency=SAR, instructionDate=Tue Jan 05 11:59:33 GMT 2016, settlementDate=Tue Jan 05 11:59:33 GMT 2016, units=259, pricePerUnit=150.50]
 2017-03-28 11:59:33 INFO  CurrencyExchangeEngine:119 - Instruction [instructionId=2, entity=bar, tradeAmount=14899.50, instructionType=S, agreedFX=0.22, currency=AED, instructionDate=Tue Jan 05 11:59:33 GMT 2016, settlementDate=Tue Jan 05 11:59:33 GMT 2016, units=450, pricePerUnit=150.50]
 2017-03-28 11:59:33 INFO  CurrencyExchangeEngine:119 - Instruction [instructionId=3, entity=tar, tradeAmount=5513.75, instructionType=S, agreedFX=0.55, currency=USD, instructionDate=Fri Jan 01 11:59:33 GMT 2016, settlementDate=Fri Jan 01 11:59:33 GMT 2016, units=100, pricePerUnit=100.25]
 2017-03-28 11:59:33 INFO  CurrencyExchangeEngine:119 - Instruction [instructionId=8, entity=bar, tradeAmount=5032.72, instructionType=S, agreedFX=0.22, currency=AED, instructionDate=Tue Jan 05 11:59:33 GMT 2016, settlementDate=Tue Jan 05 11:59:33 GMT 2016, units=152, pricePerUnit=150.50]
 2017-03-28 11:59:33 INFO  CurrencyExchangeEngine:121 - ***************************************************

 2017-03-28 11:59:33 INFO  CurrencyExchangeEngine:123 - ************* Outgoing Instruction ****************
 2017-03-28 11:59:33 INFO  CurrencyExchangeEngine:125 - Instruction [instructionId=4, entity=gar, tradeAmount=44773.75, instructionType=B, agreedFX=0.85, currency=GBP, instructionDate=Tue Jan 05 11:59:33 GMT 2016, settlementDate=Tue Jan 05 11:59:33 GMT 2016, units=350, pricePerUnit=150.50]
 2017-03-28 11:59:33 INFO  CurrencyExchangeEngine:125 - Instruction [instructionId=11, entity=gar, tradeAmount=38856.90, instructionType=B, agreedFX=0.85, currency=GBP, instructionDate=Fri Jan 01 11:59:33 GMT 2016, settlementDate=Fri Jan 01 11:59:33 GMT 2016, units=456, pricePerUnit=100.25]
 2017-03-28 11:59:33 INFO  CurrencyExchangeEngine:125 - Instruction [instructionId=5, entity=gar, tradeAmount=21303.12, instructionType=B, agreedFX=0.85, currency=GBP, instructionDate=Fri Jan 01 11:59:33 GMT 2016, settlementDate=Fri Jan 01 11:59:33 GMT 2016, units=250, pricePerUnit=100.25]
 2017-03-28 11:59:33 INFO  CurrencyExchangeEngine:125 - Instruction [instructionId=7, entity=foo, tradeAmount=18997.37, instructionType=B, agreedFX=0.50, currency=SAR, instructionDate=Fri Jan 01 11:59:33 GMT 2016, settlementDate=Sun Jan 03 11:59:33 GMT 2016, units=379, pricePerUnit=100.25]
 2017-03-28 11:59:33 INFO  CurrencyExchangeEngine:125 - Instruction [instructionId=10, entity=gar, tradeAmount=15734.77, instructionType=B, agreedFX=0.85, currency=GBP, instructionDate=Tue Jan 05 11:59:33 GMT 2016, settlementDate=Tue Jan 05 11:59:33 GMT 2016, units=123, pricePerUnit=150.50]
 2017-03-28 11:59:33 INFO  CurrencyExchangeEngine:125 - Instruction [instructionId=1, entity=foo, tradeAmount=8020.00, instructionType=B, agreedFX=0.40, currency=SAR, instructionDate=Fri Jan 01 11:59:33 GMT 2016, settlementDate=Sun Jan 03 11:59:33 GMT 2016, units=200, pricePerUnit=100.25]
 2017-03-28 11:59:33 INFO  CurrencyExchangeEngine:127 - ***************************************************

 2017-03-28 12:12:26 INFO  CurrencyExchangeEngine:119 - ************* Amount in USD settled outgoing everyday ****************
 2017-03-28 12:12:26 INFO  CurrencyExchangeEngine:124 - ************* Amount in USD settled incoming everyday ****************
 2017-03-28 12:12:26 INFO  CurrencyExchangeEngine:125 - 49213.50
 2017-03-28 12:12:26 INFO  CurrencyExchangeEngine:126 - ************* Incoming Instruction ****************
 2017-03-28 12:12:26 INFO  CurrencyExchangeEngine:127 - Instruction [instructionId=12, entity=foo, tradeAmount=49213.50, instructionType=S, agreedFX=0.50, currency=SAR, instructionDate=Tue Jan 05 12:12:26 GMT 2016, settlementDate=Tue Jan 05 12:12:26 GMT 2016, units=654, pricePerUnit=150.50]
 2017-03-28 12:12:26 INFO  CurrencyExchangeEngine:124 - ************* Amount in USD settled incoming everyday ****************
 2017-03-28 12:12:26 INFO  CurrencyExchangeEngine:125 - 17699.14
 2017-03-28 12:12:26 INFO  CurrencyExchangeEngine:126 - ************* Incoming Instruction ****************
 2017-03-28 12:12:26 INFO  CurrencyExchangeEngine:127 - Instruction [instructionId=9, entity=tar, tradeAmount=17699.14, instructionType=S, agreedFX=0.55, currency=USD, instructionDate=Fri Jan 01 12:12:26 GMT 2016, settlementDate=Fri Jan 01 12:12:26 GMT 2016, units=321, pricePerUnit=100.25]
 2017-03-28 12:12:26 INFO  CurrencyExchangeEngine:124 - ************* Amount in USD settled incoming everyday ****************
 2017-03-28 12:12:26 INFO  CurrencyExchangeEngine:125 - 15591.80
 2017-03-28 12:12:26 INFO  CurrencyExchangeEngine:126 - ************* Incoming Instruction ****************
 2017-03-28 12:12:26 INFO  CurrencyExchangeEngine:127 - Instruction [instructionId=6, entity=foo, tradeAmount=15591.80, instructionType=S, agreedFX=0.40, currency=SAR, instructionDate=Tue Jan 05 12:12:26 GMT 2016, settlementDate=Tue Jan 05 12:12:26 GMT 2016, units=259, pricePerUnit=150.50]
 2017-03-28 12:12:26 INFO  CurrencyExchangeEngine:124 - ************* Amount in USD settled incoming everyday ****************
 2017-03-28 12:12:26 INFO  CurrencyExchangeEngine:125 - 14899.50
 2017-03-28 12:12:26 INFO  CurrencyExchangeEngine:126 - ************* Incoming Instruction ****************
 2017-03-28 12:12:26 INFO  CurrencyExchangeEngine:127 - Instruction [instructionId=2, entity=bar, tradeAmount=14899.50, instructionType=S, agreedFX=0.22, currency=AED, instructionDate=Tue Jan 05 12:12:26 GMT 2016, settlementDate=Tue Jan 05 12:12:26 GMT 2016, units=450, pricePerUnit=150.50]
 2017-03-28 12:12:26 INFO  CurrencyExchangeEngine:124 - ************* Amount in USD settled incoming everyday ****************
 2017-03-28 12:12:26 INFO  CurrencyExchangeEngine:125 - 5513.75
 2017-03-28 12:12:26 INFO  CurrencyExchangeEngine:126 - ************* Incoming Instruction ****************
 2017-03-28 12:12:26 INFO  CurrencyExchangeEngine:127 - Instruction [instructionId=3, entity=tar, tradeAmount=5513.75, instructionType=S, agreedFX=0.55, currency=USD, instructionDate=Fri Jan 01 12:12:26 GMT 2016, settlementDate=Fri Jan 01 12:12:26 GMT 2016, units=100, pricePerUnit=100.25]
 2017-03-28 12:12:26 INFO  CurrencyExchangeEngine:124 - ************* Amount in USD settled incoming everyday ****************
 2017-03-28 12:12:26 INFO  CurrencyExchangeEngine:125 - 5032.72
 2017-03-28 12:12:26 INFO  CurrencyExchangeEngine:126 - ************* Incoming Instruction ****************
 2017-03-28 12:12:26 INFO  CurrencyExchangeEngine:127 - Instruction [instructionId=8, entity=bar, tradeAmount=5032.72, instructionType=S, agreedFX=0.22, currency=AED, instructionDate=Tue Jan 05 12:12:26 GMT 2016, settlementDate=Tue Jan 05 12:12:26 GMT 2016, units=152, pricePerUnit=150.50]
 2017-03-28 12:12:26 INFO  CurrencyExchangeEngine:129 - ***************************************************

 2017-03-28 12:12:26 INFO  CurrencyExchangeEngine:131 - ************* Outgoing Instruction ****************
 2017-03-28 12:12:26 INFO  CurrencyExchangeEngine:133 - Instruction [instructionId=4, entity=gar, tradeAmount=44773.75, instructionType=B, agreedFX=0.85, currency=GBP, instructionDate=Tue Jan 05 12:12:26 GMT 2016, settlementDate=Tue Jan 05 12:12:26 GMT 2016, units=350, pricePerUnit=150.50]
 2017-03-28 12:12:26 INFO  CurrencyExchangeEngine:133 - Instruction [instructionId=11, entity=gar, tradeAmount=38856.90, instructionType=B, agreedFX=0.85, currency=GBP, instructionDate=Fri Jan 01 12:12:26 GMT 2016, settlementDate=Fri Jan 01 12:12:26 GMT 2016, units=456, pricePerUnit=100.25]
 2017-03-28 12:12:26 INFO  CurrencyExchangeEngine:133 - Instruction [instructionId=5, entity=gar, tradeAmount=21303.12, instructionType=B, agreedFX=0.85, currency=GBP, instructionDate=Fri Jan 01 12:12:26 GMT 2016, settlementDate=Fri Jan 01 12:12:26 GMT 2016, units=250, pricePerUnit=100.25]
 2017-03-28 12:12:26 INFO  CurrencyExchangeEngine:133 - Instruction [instructionId=7, entity=foo, tradeAmount=18997.37, instructionType=B, agreedFX=0.50, currency=SAR, instructionDate=Fri Jan 01 12:12:26 GMT 2016, settlementDate=Sun Jan 03 12:12:26 GMT 2016, units=379, pricePerUnit=100.25]
 2017-03-28 12:12:26 INFO  CurrencyExchangeEngine:133 - Instruction [instructionId=10, entity=gar, tradeAmount=15734.77, instructionType=B, agreedFX=0.85, currency=GBP, instructionDate=Tue Jan 05 12:12:26 GMT 2016, settlementDate=Tue Jan 05 12:12:26 GMT 2016, units=123, pricePerUnit=150.50]
 2017-03-28 12:12:26 INFO  CurrencyExchangeEngine:133 - Instruction [instructionId=1, entity=foo, tradeAmount=8020.00, instructionType=B, agreedFX=0.40, currency=SAR, instructionDate=Fri Jan 01 12:12:26 GMT 2016, settlementDate=Sun Jan 03 12:12:26 GMT 2016, units=200, pricePerUnit=100.25]
 2017-03-28 12:12:26 INFO  CurrencyExchangeEngine:135 - ***************************************************

 2017-03-28 12:15:29 INFO  CurrencyExchangeEngine:117 - ************* Amount in USD settled incoming everyday ****************
 2017-03-28 12:15:29 INFO  CurrencyExchangeEngine:119 - ************* Amount in USD settled outgoing everyday ****************
 2017-03-28 12:15:29 INFO  CurrencyExchangeEngine:121 - ************* Incoming Instruction ****************
 2017-03-28 12:15:29 INFO  CurrencyExchangeEngine:124 - Instruction [instructionId=12, entity=foo, tradeAmount=49213.50, instructionType=S, agreedFX=0.50, currency=SAR, instructionDate=Tue Jan 05 12:15:29 GMT 2016, settlementDate=Tue Jan 05 12:15:29 GMT 2016, units=654, pricePerUnit=150.50]
 2017-03-28 12:15:29 INFO  CurrencyExchangeEngine:124 - Instruction [instructionId=9, entity=tar, tradeAmount=17699.14, instructionType=S, agreedFX=0.55, currency=USD, instructionDate=Fri Jan 01 12:15:29 GMT 2016, settlementDate=Fri Jan 01 12:15:29 GMT 2016, units=321, pricePerUnit=100.25]
 2017-03-28 12:15:29 INFO  CurrencyExchangeEngine:124 - Instruction [instructionId=6, entity=foo, tradeAmount=15591.80, instructionType=S, agreedFX=0.40, currency=SAR, instructionDate=Tue Jan 05 12:15:29 GMT 2016, settlementDate=Tue Jan 05 12:15:29 GMT 2016, units=259, pricePerUnit=150.50]
 2017-03-28 12:15:29 INFO  CurrencyExchangeEngine:124 - Instruction [instructionId=2, entity=bar, tradeAmount=14899.50, instructionType=S, agreedFX=0.22, currency=AED, instructionDate=Tue Jan 05 12:15:29 GMT 2016, settlementDate=Tue Jan 05 12:15:29 GMT 2016, units=450, pricePerUnit=150.50]
 2017-03-28 12:15:29 INFO  CurrencyExchangeEngine:124 - Instruction [instructionId=3, entity=tar, tradeAmount=5513.75, instructionType=S, agreedFX=0.55, currency=USD, instructionDate=Fri Jan 01 12:15:29 GMT 2016, settlementDate=Fri Jan 01 12:15:29 GMT 2016, units=100, pricePerUnit=100.25]
 2017-03-28 12:15:29 INFO  CurrencyExchangeEngine:124 - Instruction [instructionId=8, entity=bar, tradeAmount=5032.72, instructionType=S, agreedFX=0.22, currency=AED, instructionDate=Tue Jan 05 12:15:29 GMT 2016, settlementDate=Tue Jan 05 12:15:29 GMT 2016, units=152, pricePerUnit=150.50]
 2017-03-28 12:15:29 INFO  CurrencyExchangeEngine:126 - ***************************************************

 2017-03-28 12:15:29 INFO  CurrencyExchangeEngine:128 - ************* Outgoing Instruction ****************
 2017-03-28 12:15:29 INFO  CurrencyExchangeEngine:130 - Instruction [instructionId=4, entity=gar, tradeAmount=44773.75, instructionType=B, agreedFX=0.85, currency=GBP, instructionDate=Tue Jan 05 12:15:29 GMT 2016, settlementDate=Tue Jan 05 12:15:29 GMT 2016, units=350, pricePerUnit=150.50]
 2017-03-28 12:15:29 INFO  CurrencyExchangeEngine:130 - Instruction [instructionId=11, entity=gar, tradeAmount=38856.90, instructionType=B, agreedFX=0.85, currency=GBP, instructionDate=Fri Jan 01 12:15:29 GMT 2016, settlementDate=Fri Jan 01 12:15:29 GMT 2016, units=456, pricePerUnit=100.25]
 2017-03-28 12:15:29 INFO  CurrencyExchangeEngine:130 - Instruction [instructionId=5, entity=gar, tradeAmount=21303.12, instructionType=B, agreedFX=0.85, currency=GBP, instructionDate=Fri Jan 01 12:15:29 GMT 2016, settlementDate=Fri Jan 01 12:15:29 GMT 2016, units=250, pricePerUnit=100.25]
 2017-03-28 12:15:29 INFO  CurrencyExchangeEngine:130 - Instruction [instructionId=7, entity=foo, tradeAmount=18997.37, instructionType=B, agreedFX=0.50, currency=SAR, instructionDate=Fri Jan 01 12:15:29 GMT 2016, settlementDate=Sun Jan 03 12:15:29 GMT 2016, units=379, pricePerUnit=100.25]
 2017-03-28 12:15:29 INFO  CurrencyExchangeEngine:130 - Instruction [instructionId=10, entity=gar, tradeAmount=15734.77, instructionType=B, agreedFX=0.85, currency=GBP, instructionDate=Tue Jan 05 12:15:29 GMT 2016, settlementDate=Tue Jan 05 12:15:29 GMT 2016, units=123, pricePerUnit=150.50]
 2017-03-28 12:15:29 INFO  CurrencyExchangeEngine:130 - Instruction [instructionId=1, entity=foo, tradeAmount=8020.00, instructionType=B, agreedFX=0.40, currency=SAR, instructionDate=Fri Jan 01 12:15:29 GMT 2016, settlementDate=Sun Jan 03 12:15:29 GMT 2016, units=200, pricePerUnit=100.25]
 2017-03-28 12:15:29 INFO  CurrencyExchangeEngine:132 - ***************************************************

 2017-03-28 12:17:52 INFO  CurrencyExchangeEngine:117 - ************* Amount in USD settled incoming everyday ****************null
 2017-03-28 12:17:52 INFO  CurrencyExchangeEngine:119 - ************* Amount in USD settled outgoing everyday ****************
 2017-03-28 12:17:52 INFO  CurrencyExchangeEngine:121 - ************* Incoming Instruction ****************
 2017-03-28 12:17:52 INFO  CurrencyExchangeEngine:124 - Instruction [instructionId=12, entity=foo, tradeAmount=49213.50, instructionType=S, agreedFX=0.50, currency=SAR, instructionDate=Tue Jan 05 12:17:52 GMT 2016, settlementDate=Tue Jan 05 12:17:52 GMT 2016, units=654, pricePerUnit=150.50]
 2017-03-28 12:17:52 INFO  CurrencyExchangeEngine:124 - Instruction [instructionId=9, entity=tar, tradeAmount=17699.14, instructionType=S, agreedFX=0.55, currency=USD, instructionDate=Fri Jan 01 12:17:52 GMT 2016, settlementDate=Fri Jan 01 12:17:52 GMT 2016, units=321, pricePerUnit=100.25]
 2017-03-28 12:17:52 INFO  CurrencyExchangeEngine:124 - Instruction [instructionId=6, entity=foo, tradeAmount=15591.80, instructionType=S, agreedFX=0.40, currency=SAR, instructionDate=Tue Jan 05 12:17:52 GMT 2016, settlementDate=Tue Jan 05 12:17:52 GMT 2016, units=259, pricePerUnit=150.50]
 2017-03-28 12:17:52 INFO  CurrencyExchangeEngine:124 - Instruction [instructionId=2, entity=bar, tradeAmount=14899.50, instructionType=S, agreedFX=0.22, currency=AED, instructionDate=Tue Jan 05 12:17:52 GMT 2016, settlementDate=Tue Jan 05 12:17:52 GMT 2016, units=450, pricePerUnit=150.50]
 2017-03-28 12:17:52 INFO  CurrencyExchangeEngine:124 - Instruction [instructionId=3, entity=tar, tradeAmount=5513.75, instructionType=S, agreedFX=0.55, currency=USD, instructionDate=Fri Jan 01 12:17:52 GMT 2016, settlementDate=Fri Jan 01 12:17:52 GMT 2016, units=100, pricePerUnit=100.25]
 2017-03-28 12:17:52 INFO  CurrencyExchangeEngine:124 - Instruction [instructionId=8, entity=bar, tradeAmount=5032.72, instructionType=S, agreedFX=0.22, currency=AED, instructionDate=Tue Jan 05 12:17:52 GMT 2016, settlementDate=Tue Jan 05 12:17:52 GMT 2016, units=152, pricePerUnit=150.50]
 2017-03-28 12:17:52 INFO  CurrencyExchangeEngine:126 - ***************************************************

 2017-03-28 12:17:52 INFO  CurrencyExchangeEngine:128 - ************* Outgoing Instruction ****************
 2017-03-28 12:17:52 INFO  CurrencyExchangeEngine:130 - Instruction [instructionId=4, entity=gar, tradeAmount=44773.75, instructionType=B, agreedFX=0.85, currency=GBP, instructionDate=Tue Jan 05 12:17:52 GMT 2016, settlementDate=Tue Jan 05 12:17:52 GMT 2016, units=350, pricePerUnit=150.50]
 2017-03-28 12:17:52 INFO  CurrencyExchangeEngine:130 - Instruction [instructionId=11, entity=gar, tradeAmount=38856.90, instructionType=B, agreedFX=0.85, currency=GBP, instructionDate=Fri Jan 01 12:17:52 GMT 2016, settlementDate=Fri Jan 01 12:17:52 GMT 2016, units=456, pricePerUnit=100.25]
 2017-03-28 12:17:52 INFO  CurrencyExchangeEngine:130 - Instruction [instructionId=5, entity=gar, tradeAmount=21303.12, instructionType=B, agreedFX=0.85, currency=GBP, instructionDate=Fri Jan 01 12:17:52 GMT 2016, settlementDate=Fri Jan 01 12:17:52 GMT 2016, units=250, pricePerUnit=100.25]
 2017-03-28 12:17:52 INFO  CurrencyExchangeEngine:130 - Instruction [instructionId=7, entity=foo, tradeAmount=18997.37, instructionType=B, agreedFX=0.50, currency=SAR, instructionDate=Fri Jan 01 12:17:52 GMT 2016, settlementDate=Sun Jan 03 12:17:52 GMT 2016, units=379, pricePerUnit=100.25]
 2017-03-28 12:17:52 INFO  CurrencyExchangeEngine:130 - Instruction [instructionId=10, entity=gar, tradeAmount=15734.77, instructionType=B, agreedFX=0.85, currency=GBP, instructionDate=Tue Jan 05 12:17:52 GMT 2016, settlementDate=Tue Jan 05 12:17:52 GMT 2016, units=123, pricePerUnit=150.50]
 2017-03-28 12:17:52 INFO  CurrencyExchangeEngine:130 - Instruction [instructionId=1, entity=foo, tradeAmount=8020.00, instructionType=B, agreedFX=0.40, currency=SAR, instructionDate=Fri Jan 01 12:17:52 GMT 2016, settlementDate=Sun Jan 03 12:17:52 GMT 2016, units=200, pricePerUnit=100.25]
 2017-03-28 12:17:52 INFO  CurrencyExchangeEngine:132 - ***************************************************

 2017-03-28 12:18:37 INFO  CurrencyExchangeEngine:118 - ************* Amount in USD settled outgoing everyday ****************
 2017-03-28 12:18:37 INFO  CurrencyExchangeEngine:120 - ************* Incoming Instruction ****************
 2017-03-28 12:18:37 INFO  CurrencyExchangeEngine:123 - Instruction [instructionId=12, entity=foo, tradeAmount=49213.50, instructionType=S, agreedFX=0.50, currency=SAR, instructionDate=Tue Jan 05 12:18:37 GMT 2016, settlementDate=Tue Jan 05 12:18:37 GMT 2016, units=654, pricePerUnit=150.50]
 2017-03-28 12:18:37 INFO  CurrencyExchangeEngine:123 - Instruction [instructionId=9, entity=tar, tradeAmount=17699.14, instructionType=S, agreedFX=0.55, currency=USD, instructionDate=Fri Jan 01 12:18:37 GMT 2016, settlementDate=Fri Jan 01 12:18:37 GMT 2016, units=321, pricePerUnit=100.25]
 2017-03-28 12:18:37 INFO  CurrencyExchangeEngine:123 - Instruction [instructionId=6, entity=foo, tradeAmount=15591.80, instructionType=S, agreedFX=0.40, currency=SAR, instructionDate=Tue Jan 05 12:18:37 GMT 2016, settlementDate=Tue Jan 05 12:18:37 GMT 2016, units=259, pricePerUnit=150.50]
 2017-03-28 12:18:37 INFO  CurrencyExchangeEngine:123 - Instruction [instructionId=2, entity=bar, tradeAmount=14899.50, instructionType=S, agreedFX=0.22, currency=AED, instructionDate=Tue Jan 05 12:18:37 GMT 2016, settlementDate=Tue Jan 05 12:18:37 GMT 2016, units=450, pricePerUnit=150.50]
 2017-03-28 12:18:37 INFO  CurrencyExchangeEngine:123 - Instruction [instructionId=3, entity=tar, tradeAmount=5513.75, instructionType=S, agreedFX=0.55, currency=USD, instructionDate=Fri Jan 01 12:18:37 GMT 2016, settlementDate=Fri Jan 01 12:18:37 GMT 2016, units=100, pricePerUnit=100.25]
 2017-03-28 12:18:37 INFO  CurrencyExchangeEngine:123 - Instruction [instructionId=8, entity=bar, tradeAmount=5032.72, instructionType=S, agreedFX=0.22, currency=AED, instructionDate=Tue Jan 05 12:18:37 GMT 2016, settlementDate=Tue Jan 05 12:18:37 GMT 2016, units=152, pricePerUnit=150.50]
 2017-03-28 12:18:37 INFO  CurrencyExchangeEngine:125 - ************* Amount in USD settled incoming everyday ****************5032.72
 2017-03-28 12:18:37 INFO  CurrencyExchangeEngine:126 - ***************************************************

 2017-03-28 12:18:37 INFO  CurrencyExchangeEngine:128 - ************* Outgoing Instruction ****************
 2017-03-28 12:18:37 INFO  CurrencyExchangeEngine:130 - Instruction [instructionId=4, entity=gar, tradeAmount=44773.75, instructionType=B, agreedFX=0.85, currency=GBP, instructionDate=Tue Jan 05 12:18:37 GMT 2016, settlementDate=Tue Jan 05 12:18:37 GMT 2016, units=350, pricePerUnit=150.50]
 2017-03-28 12:18:37 INFO  CurrencyExchangeEngine:130 - Instruction [instructionId=11, entity=gar, tradeAmount=38856.90, instructionType=B, agreedFX=0.85, currency=GBP, instructionDate=Fri Jan 01 12:18:37 GMT 2016, settlementDate=Fri Jan 01 12:18:37 GMT 2016, units=456, pricePerUnit=100.25]
 2017-03-28 12:18:37 INFO  CurrencyExchangeEngine:130 - Instruction [instructionId=5, entity=gar, tradeAmount=21303.12, instructionType=B, agreedFX=0.85, currency=GBP, instructionDate=Fri Jan 01 12:18:37 GMT 2016, settlementDate=Fri Jan 01 12:18:37 GMT 2016, units=250, pricePerUnit=100.25]
 2017-03-28 12:18:37 INFO  CurrencyExchangeEngine:130 - Instruction [instructionId=7, entity=foo, tradeAmount=18997.37, instructionType=B, agreedFX=0.50, currency=SAR, instructionDate=Fri Jan 01 12:18:37 GMT 2016, settlementDate=Sun Jan 03 12:18:37 GMT 2016, units=379, pricePerUnit=100.25]
 2017-03-28 12:18:37 INFO  CurrencyExchangeEngine:130 - Instruction [instructionId=10, entity=gar, tradeAmount=15734.77, instructionType=B, agreedFX=0.85, currency=GBP, instructionDate=Tue Jan 05 12:18:37 GMT 2016, settlementDate=Tue Jan 05 12:18:37 GMT 2016, units=123, pricePerUnit=150.50]
 2017-03-28 12:18:37 INFO  CurrencyExchangeEngine:130 - Instruction [instructionId=1, entity=foo, tradeAmount=8020.00, instructionType=B, agreedFX=0.40, currency=SAR, instructionDate=Fri Jan 01 12:18:37 GMT 2016, settlementDate=Sun Jan 03 12:18:37 GMT 2016, units=200, pricePerUnit=100.25]
 2017-03-28 12:18:37 INFO  CurrencyExchangeEngine:132 - ***************************************************

 2017-03-28 12:20:06 INFO  CurrencyExchangeEngine:118 - ************* Amount in USD settled outgoing everyday ****************
 2017-03-28 12:20:06 INFO  CurrencyExchangeEngine:120 - ************* Incoming Instruction ****************
 2017-03-28 12:20:51 INFO  CurrencyExchangeEngine:118 - ************* Amount in USD settled outgoing everyday ****************
 2017-03-28 12:20:51 INFO  CurrencyExchangeEngine:120 - ************* Incoming Instruction ****************
 2017-03-28 12:20:51 INFO  CurrencyExchangeEngine:122 - Instruction [instructionId=12, entity=foo, tradeAmount=49213.50, instructionType=S, agreedFX=0.50, currency=SAR, instructionDate=Tue Jan 05 12:20:51 GMT 2016, settlementDate=Tue Jan 05 12:20:51 GMT 2016, units=654, pricePerUnit=150.50]
 2017-03-28 12:22:25 INFO  CurrencyExchangeEngine:118 - ************* Amount in USD settled outgoing everyday ****************
 2017-03-28 12:22:25 INFO  CurrencyExchangeEngine:120 - ************* Incoming Instruction ****************
 2017-03-28 12:22:25 INFO  CurrencyExchangeEngine:122 - Instruction [instructionId=12, entity=foo, tradeAmount=49213.50, instructionType=S, agreedFX=0.50, currency=SAR, instructionDate=Tue Jan 05 12:22:25 GMT 2016, settlementDate=Tue Jan 05 12:22:25 GMT 2016, units=654, pricePerUnit=150.50]
 2017-03-28 12:22:25 INFO  CurrencyExchangeEngine:122 - Instruction [instructionId=9, entity=tar, tradeAmount=17699.14, instructionType=S, agreedFX=0.55, currency=USD, instructionDate=Fri Jan 01 12:22:25 GMT 2016, settlementDate=Fri Jan 01 12:22:25 GMT 2016, units=321, pricePerUnit=100.25]
 2017-03-28 12:22:25 INFO  CurrencyExchangeEngine:122 - Instruction [instructionId=6, entity=foo, tradeAmount=15591.80, instructionType=S, agreedFX=0.40, currency=SAR, instructionDate=Tue Jan 05 12:22:25 GMT 2016, settlementDate=Tue Jan 05 12:22:25 GMT 2016, units=259, pricePerUnit=150.50]
 2017-03-28 12:22:25 INFO  CurrencyExchangeEngine:122 - Instruction [instructionId=2, entity=bar, tradeAmount=14899.50, instructionType=S, agreedFX=0.22, currency=AED, instructionDate=Tue Jan 05 12:22:25 GMT 2016, settlementDate=Tue Jan 05 12:22:25 GMT 2016, units=450, pricePerUnit=150.50]
 2017-03-28 12:22:25 INFO  CurrencyExchangeEngine:122 - Instruction [instructionId=3, entity=tar, tradeAmount=5513.75, instructionType=S, agreedFX=0.55, currency=USD, instructionDate=Fri Jan 01 12:22:25 GMT 2016, settlementDate=Fri Jan 01 12:22:25 GMT 2016, units=100, pricePerUnit=100.25]
 2017-03-28 12:22:25 INFO  CurrencyExchangeEngine:122 - Instruction [instructionId=8, entity=bar, tradeAmount=5032.72, instructionType=S, agreedFX=0.22, currency=AED, instructionDate=Tue Jan 05 12:22:25 GMT 2016, settlementDate=Tue Jan 05 12:22:25 GMT 2016, units=152, pricePerUnit=150.50]
 2017-03-28 12:22:25 INFO  CurrencyExchangeEngine:126 - ************* Amount in USD settled incoming everyday ****************null
 2017-03-28 12:22:25 INFO  CurrencyExchangeEngine:127 - ***************************************************

 2017-03-28 12:22:25 INFO  CurrencyExchangeEngine:129 - ************* Outgoing Instruction ****************
 2017-03-28 12:22:25 INFO  CurrencyExchangeEngine:131 - Instruction [instructionId=4, entity=gar, tradeAmount=44773.75, instructionType=B, agreedFX=0.85, currency=GBP, instructionDate=Tue Jan 05 12:22:25 GMT 2016, settlementDate=Tue Jan 05 12:22:25 GMT 2016, units=350, pricePerUnit=150.50]
 2017-03-28 12:22:25 INFO  CurrencyExchangeEngine:131 - Instruction [instructionId=11, entity=gar, tradeAmount=38856.90, instructionType=B, agreedFX=0.85, currency=GBP, instructionDate=Fri Jan 01 12:22:25 GMT 2016, settlementDate=Fri Jan 01 12:22:25 GMT 2016, units=456, pricePerUnit=100.25]
 2017-03-28 12:22:25 INFO  CurrencyExchangeEngine:131 - Instruction [instructionId=5, entity=gar, tradeAmount=21303.12, instructionType=B, agreedFX=0.85, currency=GBP, instructionDate=Fri Jan 01 12:22:25 GMT 2016, settlementDate=Fri Jan 01 12:22:25 GMT 2016, units=250, pricePerUnit=100.25]
 2017-03-28 12:22:25 INFO  CurrencyExchangeEngine:131 - Instruction [instructionId=7, entity=foo, tradeAmount=18997.37, instructionType=B, agreedFX=0.50, currency=SAR, instructionDate=Fri Jan 01 12:22:25 GMT 2016, settlementDate=Sun Jan 03 12:22:25 GMT 2016, units=379, pricePerUnit=100.25]
 2017-03-28 12:22:25 INFO  CurrencyExchangeEngine:131 - Instruction [instructionId=10, entity=gar, tradeAmount=15734.77, instructionType=B, agreedFX=0.85, currency=GBP, instructionDate=Tue Jan 05 12:22:25 GMT 2016, settlementDate=Tue Jan 05 12:22:25 GMT 2016, units=123, pricePerUnit=150.50]
 2017-03-28 12:22:25 INFO  CurrencyExchangeEngine:131 - Instruction [instructionId=1, entity=foo, tradeAmount=8020.00, instructionType=B, agreedFX=0.40, currency=SAR, instructionDate=Fri Jan 01 12:22:25 GMT 2016, settlementDate=Sun Jan 03 12:22:25 GMT 2016, units=200, pricePerUnit=100.25]
 2017-03-28 12:22:25 INFO  CurrencyExchangeEngine:133 - ***************************************************

 2017-03-28 12:26:56 INFO  CurrencyExchangeEngine:118 - ************* Incoming Instruction ****************
 2017-03-28 12:26:56 INFO  CurrencyExchangeEngine:120 - Instruction [instructionId=12, entity=foo, tradeAmount=49213.50, instructionType=S, agreedFX=0.50, currency=SAR, instructionDate=Tue Jan 05 12:26:56 GMT 2016, settlementDate=Tue Jan 05 12:26:56 GMT 2016, units=654, pricePerUnit=150.50]
 2017-03-28 12:26:56 INFO  CurrencyExchangeEngine:120 - Instruction [instructionId=9, entity=tar, tradeAmount=17699.14, instructionType=S, agreedFX=0.55, currency=USD, instructionDate=Fri Jan 01 12:26:56 GMT 2016, settlementDate=Fri Jan 01 12:26:56 GMT 2016, units=321, pricePerUnit=100.25]
 2017-03-28 12:26:56 INFO  CurrencyExchangeEngine:120 - Instruction [instructionId=6, entity=foo, tradeAmount=15591.80, instructionType=S, agreedFX=0.40, currency=SAR, instructionDate=Tue Jan 05 12:26:56 GMT 2016, settlementDate=Tue Jan 05 12:26:56 GMT 2016, units=259, pricePerUnit=150.50]
 2017-03-28 12:26:56 INFO  CurrencyExchangeEngine:120 - Instruction [instructionId=2, entity=bar, tradeAmount=14899.50, instructionType=S, agreedFX=0.22, currency=AED, instructionDate=Tue Jan 05 12:26:56 GMT 2016, settlementDate=Tue Jan 05 12:26:56 GMT 2016, units=450, pricePerUnit=150.50]
 2017-03-28 12:26:56 INFO  CurrencyExchangeEngine:120 - Instruction [instructionId=3, entity=tar, tradeAmount=5513.75, instructionType=S, agreedFX=0.55, currency=USD, instructionDate=Fri Jan 01 12:26:56 GMT 2016, settlementDate=Fri Jan 01 12:26:56 GMT 2016, units=100, pricePerUnit=100.25]
 2017-03-28 12:26:56 INFO  CurrencyExchangeEngine:120 - Instruction [instructionId=8, entity=bar, tradeAmount=5032.72, instructionType=S, agreedFX=0.22, currency=AED, instructionDate=Tue Jan 05 12:26:56 GMT 2016, settlementDate=Tue Jan 05 12:26:56 GMT 2016, units=152, pricePerUnit=150.50]
 2017-03-28 12:26:56 INFO  CurrencyExchangeEngine:124 - ************* Amount in USD settled incoming everyday ****************null
 2017-03-28 12:26:56 INFO  CurrencyExchangeEngine:125 - ***************************************************

 2017-03-28 12:26:56 INFO  CurrencyExchangeEngine:127 - ************* Outgoing Instruction ****************
 2017-03-28 12:26:56 INFO  CurrencyExchangeEngine:129 - Instruction [instructionId=4, entity=gar, tradeAmount=44773.75, instructionType=B, agreedFX=0.85, currency=GBP, instructionDate=Tue Jan 05 12:26:56 GMT 2016, settlementDate=Tue Jan 05 12:26:56 GMT 2016, units=350, pricePerUnit=150.50]
 2017-03-28 12:26:56 INFO  CurrencyExchangeEngine:129 - Instruction [instructionId=11, entity=gar, tradeAmount=38856.90, instructionType=B, agreedFX=0.85, currency=GBP, instructionDate=Fri Jan 01 12:26:56 GMT 2016, settlementDate=Fri Jan 01 12:26:56 GMT 2016, units=456, pricePerUnit=100.25]
 2017-03-28 12:26:56 INFO  CurrencyExchangeEngine:129 - Instruction [instructionId=5, entity=gar, tradeAmount=21303.12, instructionType=B, agreedFX=0.85, currency=GBP, instructionDate=Fri Jan 01 12:26:56 GMT 2016, settlementDate=Fri Jan 01 12:26:56 GMT 2016, units=250, pricePerUnit=100.25]
 2017-03-28 12:26:56 INFO  CurrencyExchangeEngine:129 - Instruction [instructionId=7, entity=foo, tradeAmount=18997.37, instructionType=B, agreedFX=0.50, currency=SAR, instructionDate=Fri Jan 01 12:26:56 GMT 2016, settlementDate=Sun Jan 03 12:26:56 GMT 2016, units=379, pricePerUnit=100.25]
 2017-03-28 12:26:56 INFO  CurrencyExchangeEngine:129 - Instruction [instructionId=10, entity=gar, tradeAmount=15734.77, instructionType=B, agreedFX=0.85, currency=GBP, instructionDate=Tue Jan 05 12:26:56 GMT 2016, settlementDate=Tue Jan 05 12:26:56 GMT 2016, units=123, pricePerUnit=150.50]
 2017-03-28 12:26:56 INFO  CurrencyExchangeEngine:129 - Instruction [instructionId=1, entity=foo, tradeAmount=8020.00, instructionType=B, agreedFX=0.40, currency=SAR, instructionDate=Fri Jan 01 12:26:56 GMT 2016, settlementDate=Sun Jan 03 12:26:56 GMT 2016, units=200, pricePerUnit=100.25]
 2017-03-28 12:26:56 INFO  CurrencyExchangeEngine:131 - ***************************************************

 2017-03-28 12:26:56 INFO  CurrencyExchangeEngine:132 - ************* Amount in USD settled outgoing everyday ****************
 2017-03-28 12:31:29 INFO  CurrencyExchangeEngine:118 - ************* Incoming Instruction ****************
 2017-03-28 12:31:29 INFO  CurrencyExchangeEngine:123 - ************* Amount in USD settled incoming everyday ****************107950.41
 2017-03-28 12:31:29 INFO  CurrencyExchangeEngine:124 - ***************************************************

 2017-03-28 12:31:29 INFO  CurrencyExchangeEngine:126 - ************* Outgoing Instruction ****************
 2017-03-28 12:31:29 INFO  CurrencyExchangeEngine:128 - Instruction [instructionId=4, entity=gar, tradeAmount=44773.75, instructionType=B, agreedFX=0.85, currency=GBP, instructionDate=Tue Jan 05 12:31:29 GMT 2016, settlementDate=Tue Jan 05 12:31:29 GMT 2016, units=350, pricePerUnit=150.50]
 2017-03-28 12:31:29 INFO  CurrencyExchangeEngine:128 - Instruction [instructionId=11, entity=gar, tradeAmount=38856.90, instructionType=B, agreedFX=0.85, currency=GBP, instructionDate=Fri Jan 01 12:31:29 GMT 2016, settlementDate=Fri Jan 01 12:31:29 GMT 2016, units=456, pricePerUnit=100.25]
 2017-03-28 12:31:29 INFO  CurrencyExchangeEngine:128 - Instruction [instructionId=5, entity=gar, tradeAmount=21303.12, instructionType=B, agreedFX=0.85, currency=GBP, instructionDate=Fri Jan 01 12:31:29 GMT 2016, settlementDate=Fri Jan 01 12:31:29 GMT 2016, units=250, pricePerUnit=100.25]
 2017-03-28 12:31:29 INFO  CurrencyExchangeEngine:128 - Instruction [instructionId=7, entity=foo, tradeAmount=18997.37, instructionType=B, agreedFX=0.50, currency=SAR, instructionDate=Fri Jan 01 12:31:29 GMT 2016, settlementDate=Sun Jan 03 12:31:29 GMT 2016, units=379, pricePerUnit=100.25]
 2017-03-28 12:31:29 INFO  CurrencyExchangeEngine:128 - Instruction [instructionId=10, entity=gar, tradeAmount=15734.77, instructionType=B, agreedFX=0.85, currency=GBP, instructionDate=Tue Jan 05 12:31:29 GMT 2016, settlementDate=Tue Jan 05 12:31:29 GMT 2016, units=123, pricePerUnit=150.50]
 2017-03-28 12:31:29 INFO  CurrencyExchangeEngine:128 - Instruction [instructionId=1, entity=foo, tradeAmount=8020.00, instructionType=B, agreedFX=0.40, currency=SAR, instructionDate=Fri Jan 01 12:31:29 GMT 2016, settlementDate=Sun Jan 03 12:31:29 GMT 2016, units=200, pricePerUnit=100.25]
 2017-03-28 12:31:29 INFO  CurrencyExchangeEngine:130 - ***************************************************

 2017-03-28 12:31:29 INFO  CurrencyExchangeEngine:131 - ************* Amount in USD settled outgoing everyday ****************
 2017-03-28 12:34:14 INFO  CurrencyExchangeEngine:119 - ************* Incoming Instruction ****************
 2017-03-28 12:34:14 INFO  CurrencyExchangeEngine:122 - Instruction [instructionId=12, entity=foo, tradeAmount=49213.50, instructionType=S, agreedFX=0.50, currency=SAR, instructionDate=Tue Jan 05 12:34:14 GMT 2016, settlementDate=Tue Jan 05 12:34:14 GMT 2016, units=654, pricePerUnit=150.50]
 2017-03-28 12:34:14 INFO  CurrencyExchangeEngine:122 - Instruction [instructionId=9, entity=tar, tradeAmount=17699.14, instructionType=S, agreedFX=0.55, currency=USD, instructionDate=Fri Jan 01 12:34:14 GMT 2016, settlementDate=Fri Jan 01 12:34:14 GMT 2016, units=321, pricePerUnit=100.25]
 2017-03-28 12:34:14 INFO  CurrencyExchangeEngine:122 - Instruction [instructionId=6, entity=foo, tradeAmount=15591.80, instructionType=S, agreedFX=0.40, currency=SAR, instructionDate=Tue Jan 05 12:34:14 GMT 2016, settlementDate=Tue Jan 05 12:34:14 GMT 2016, units=259, pricePerUnit=150.50]
 2017-03-28 12:34:14 INFO  CurrencyExchangeEngine:122 - Instruction [instructionId=2, entity=bar, tradeAmount=14899.50, instructionType=S, agreedFX=0.22, currency=AED, instructionDate=Tue Jan 05 12:34:13 GMT 2016, settlementDate=Tue Jan 05 12:34:13 GMT 2016, units=450, pricePerUnit=150.50]
 2017-03-28 12:34:14 INFO  CurrencyExchangeEngine:122 - Instruction [instructionId=3, entity=tar, tradeAmount=5513.75, instructionType=S, agreedFX=0.55, currency=USD, instructionDate=Fri Jan 01 12:34:14 GMT 2016, settlementDate=Fri Jan 01 12:34:14 GMT 2016, units=100, pricePerUnit=100.25]
 2017-03-28 12:34:14 INFO  CurrencyExchangeEngine:122 - Instruction [instructionId=8, entity=bar, tradeAmount=5032.72, instructionType=S, agreedFX=0.22, currency=AED, instructionDate=Tue Jan 05 12:34:14 GMT 2016, settlementDate=Tue Jan 05 12:34:14 GMT 2016, units=152, pricePerUnit=150.50]
 2017-03-28 12:34:14 INFO  CurrencyExchangeEngine:125 - ************* Amount in USD settled incoming everyday ****************107950.41
 2017-03-28 12:34:14 INFO  CurrencyExchangeEngine:126 - ***************************************************

 2017-03-28 12:34:14 INFO  CurrencyExchangeEngine:128 - ************* Outgoing Instruction ****************
 2017-03-28 12:34:14 INFO  CurrencyExchangeEngine:130 - Instruction [instructionId=4, entity=gar, tradeAmount=44773.75, instructionType=B, agreedFX=0.85, currency=GBP, instructionDate=Tue Jan 05 12:34:14 GMT 2016, settlementDate=Tue Jan 05 12:34:14 GMT 2016, units=350, pricePerUnit=150.50]
 2017-03-28 12:34:14 INFO  CurrencyExchangeEngine:130 - Instruction [instructionId=11, entity=gar, tradeAmount=38856.90, instructionType=B, agreedFX=0.85, currency=GBP, instructionDate=Fri Jan 01 12:34:14 GMT 2016, settlementDate=Fri Jan 01 12:34:14 GMT 2016, units=456, pricePerUnit=100.25]
 2017-03-28 12:34:14 INFO  CurrencyExchangeEngine:130 - Instruction [instructionId=5, entity=gar, tradeAmount=21303.12, instructionType=B, agreedFX=0.85, currency=GBP, instructionDate=Fri Jan 01 12:34:14 GMT 2016, settlementDate=Fri Jan 01 12:34:14 GMT 2016, units=250, pricePerUnit=100.25]
 2017-03-28 12:34:14 INFO  CurrencyExchangeEngine:130 - Instruction [instructionId=7, entity=foo, tradeAmount=18997.37, instructionType=B, agreedFX=0.50, currency=SAR, instructionDate=Fri Jan 01 12:34:14 GMT 2016, settlementDate=Sun Jan 03 12:34:14 GMT 2016, units=379, pricePerUnit=100.25]
 2017-03-28 12:34:14 INFO  CurrencyExchangeEngine:130 - Instruction [instructionId=10, entity=gar, tradeAmount=15734.77, instructionType=B, agreedFX=0.85, currency=GBP, instructionDate=Tue Jan 05 12:34:14 GMT 2016, settlementDate=Tue Jan 05 12:34:14 GMT 2016, units=123, pricePerUnit=150.50]
 2017-03-28 12:34:14 INFO  CurrencyExchangeEngine:130 - Instruction [instructionId=1, entity=foo, tradeAmount=8020.00, instructionType=B, agreedFX=0.40, currency=SAR, instructionDate=Fri Jan 01 12:34:13 GMT 2016, settlementDate=Sun Jan 03 12:34:13 GMT 2016, units=200, pricePerUnit=100.25]
 2017-03-28 12:34:14 INFO  CurrencyExchangeEngine:132 - ***************************************************

 2017-03-28 12:34:14 INFO  CurrencyExchangeEngine:133 - ************* Amount in USD settled outgoing everyday ****************
 2017-03-28 12:35:58 INFO  CurrencyExchangeEngine:119 - ************* Incoming Instruction ****************
 2017-03-28 12:35:58 INFO  CurrencyExchangeEngine:122 - Instruction [instructionId=12, entity=foo, tradeAmount=49213.50, instructionType=S, agreedFX=0.50, currency=SAR, instructionDate=Tue Jan 05 12:35:58 GMT 2016, settlementDate=Tue Jan 05 12:35:58 GMT 2016, units=654, pricePerUnit=150.50]
 2017-03-28 12:35:58 INFO  CurrencyExchangeEngine:122 - Instruction [instructionId=9, entity=tar, tradeAmount=17699.14, instructionType=S, agreedFX=0.55, currency=USD, instructionDate=Fri Jan 01 12:35:58 GMT 2016, settlementDate=Fri Jan 01 12:35:58 GMT 2016, units=321, pricePerUnit=100.25]
 2017-03-28 12:35:58 INFO  CurrencyExchangeEngine:122 - Instruction [instructionId=6, entity=foo, tradeAmount=15591.80, instructionType=S, agreedFX=0.40, currency=SAR, instructionDate=Tue Jan 05 12:35:58 GMT 2016, settlementDate=Tue Jan 05 12:35:58 GMT 2016, units=259, pricePerUnit=150.50]
 2017-03-28 12:35:58 INFO  CurrencyExchangeEngine:122 - Instruction [instructionId=2, entity=bar, tradeAmount=14899.50, instructionType=S, agreedFX=0.22, currency=AED, instructionDate=Tue Jan 05 12:35:58 GMT 2016, settlementDate=Tue Jan 05 12:35:58 GMT 2016, units=450, pricePerUnit=150.50]
 2017-03-28 12:35:58 INFO  CurrencyExchangeEngine:122 - Instruction [instructionId=3, entity=tar, tradeAmount=5513.75, instructionType=S, agreedFX=0.55, currency=USD, instructionDate=Fri Jan 01 12:35:58 GMT 2016, settlementDate=Fri Jan 01 12:35:58 GMT 2016, units=100, pricePerUnit=100.25]
 2017-03-28 12:35:58 INFO  CurrencyExchangeEngine:122 - Instruction [instructionId=8, entity=bar, tradeAmount=5032.72, instructionType=S, agreedFX=0.22, currency=AED, instructionDate=Tue Jan 05 12:35:58 GMT 2016, settlementDate=Tue Jan 05 12:35:58 GMT 2016, units=152, pricePerUnit=150.50]
 2017-03-28 12:35:58 INFO  CurrencyExchangeEngine:125 - ************* Amount in USD settled incoming everyday ****************107950.41
 2017-03-28 12:35:58 INFO  CurrencyExchangeEngine:126 - ***************************************************

 2017-03-28 12:35:58 INFO  CurrencyExchangeEngine:128 - ************* Outgoing Instruction ****************
 2017-03-28 12:35:58 INFO  CurrencyExchangeEngine:131 - Instruction [instructionId=4, entity=gar, tradeAmount=44773.75, instructionType=B, agreedFX=0.85, currency=GBP, instructionDate=Tue Jan 05 12:35:58 GMT 2016, settlementDate=Tue Jan 05 12:35:58 GMT 2016, units=350, pricePerUnit=150.50]
 2017-03-28 12:35:58 INFO  CurrencyExchangeEngine:131 - Instruction [instructionId=11, entity=gar, tradeAmount=38856.90, instructionType=B, agreedFX=0.85, currency=GBP, instructionDate=Fri Jan 01 12:35:58 GMT 2016, settlementDate=Fri Jan 01 12:35:58 GMT 2016, units=456, pricePerUnit=100.25]
 2017-03-28 12:35:58 INFO  CurrencyExchangeEngine:131 - Instruction [instructionId=5, entity=gar, tradeAmount=21303.12, instructionType=B, agreedFX=0.85, currency=GBP, instructionDate=Fri Jan 01 12:35:58 GMT 2016, settlementDate=Fri Jan 01 12:35:58 GMT 2016, units=250, pricePerUnit=100.25]
 2017-03-28 12:35:58 INFO  CurrencyExchangeEngine:131 - Instruction [instructionId=7, entity=foo, tradeAmount=18997.37, instructionType=B, agreedFX=0.50, currency=SAR, instructionDate=Fri Jan 01 12:35:58 GMT 2016, settlementDate=Sun Jan 03 12:35:58 GMT 2016, units=379, pricePerUnit=100.25]
 2017-03-28 12:35:58 INFO  CurrencyExchangeEngine:131 - Instruction [instructionId=10, entity=gar, tradeAmount=15734.77, instructionType=B, agreedFX=0.85, currency=GBP, instructionDate=Tue Jan 05 12:35:58 GMT 2016, settlementDate=Tue Jan 05 12:35:58 GMT 2016, units=123, pricePerUnit=150.50]
 2017-03-28 12:35:58 INFO  CurrencyExchangeEngine:131 - Instruction [instructionId=1, entity=foo, tradeAmount=8020.00, instructionType=B, agreedFX=0.40, currency=SAR, instructionDate=Fri Jan 01 12:35:58 GMT 2016, settlementDate=Sun Jan 03 12:35:58 GMT 2016, units=200, pricePerUnit=100.25]
 2017-03-28 12:35:58 INFO  CurrencyExchangeEngine:133 - ***************************************************

 2017-03-28 12:35:58 INFO  CurrencyExchangeEngine:134 - ************* Amount in USD settled outgoing everyday ****************115970.41
 2017-03-28 12:37:11 INFO  CurrencyExchangeEngine:119 - ************* Incoming Instruction ****************
 2017-03-28 12:37:11 INFO  CurrencyExchangeEngine:122 - Instruction [instructionId=12, entity=foo, tradeAmount=49213.50, instructionType=S, agreedFX=0.50, currency=SAR, instructionDate=Tue Jan 05 12:37:11 GMT 2016, settlementDate=Tue Jan 05 12:37:11 GMT 2016, units=654, pricePerUnit=150.50]
 2017-03-28 12:37:11 INFO  CurrencyExchangeEngine:122 - Instruction [instructionId=9, entity=tar, tradeAmount=17699.14, instructionType=S, agreedFX=0.55, currency=USD, instructionDate=Fri Jan 01 12:37:11 GMT 2016, settlementDate=Fri Jan 01 12:37:11 GMT 2016, units=321, pricePerUnit=100.25]
 2017-03-28 12:37:11 INFO  CurrencyExchangeEngine:122 - Instruction [instructionId=6, entity=foo, tradeAmount=15591.80, instructionType=S, agreedFX=0.40, currency=SAR, instructionDate=Tue Jan 05 12:37:11 GMT 2016, settlementDate=Tue Jan 05 12:37:11 GMT 2016, units=259, pricePerUnit=150.50]
 2017-03-28 12:37:11 INFO  CurrencyExchangeEngine:122 - Instruction [instructionId=2, entity=bar, tradeAmount=14899.50, instructionType=S, agreedFX=0.22, currency=AED, instructionDate=Tue Jan 05 12:37:11 GMT 2016, settlementDate=Tue Jan 05 12:37:11 GMT 2016, units=450, pricePerUnit=150.50]
 2017-03-28 12:37:11 INFO  CurrencyExchangeEngine:122 - Instruction [instructionId=3, entity=tar, tradeAmount=5513.75, instructionType=S, agreedFX=0.55, currency=USD, instructionDate=Fri Jan 01 12:37:11 GMT 2016, settlementDate=Fri Jan 01 12:37:11 GMT 2016, units=100, pricePerUnit=100.25]
 2017-03-28 12:37:11 INFO  CurrencyExchangeEngine:122 - Instruction [instructionId=8, entity=bar, tradeAmount=5032.72, instructionType=S, agreedFX=0.22, currency=AED, instructionDate=Tue Jan 05 12:37:11 GMT 2016, settlementDate=Tue Jan 05 12:37:11 GMT 2016, units=152, pricePerUnit=150.50]
 2017-03-28 12:37:11 INFO  CurrencyExchangeEngine:125 - ***************************************************

 2017-03-28 12:37:11 INFO  CurrencyExchangeEngine:126 - ************* Amount in USD settled incoming everyday ****************107950.41

 2017-03-28 12:37:11 INFO  CurrencyExchangeEngine:129 - ************* Outgoing Instruction ****************
 2017-03-28 12:37:11 INFO  CurrencyExchangeEngine:132 - Instruction [instructionId=4, entity=gar, tradeAmount=44773.75, instructionType=B, agreedFX=0.85, currency=GBP, instructionDate=Tue Jan 05 12:37:11 GMT 2016, settlementDate=Tue Jan 05 12:37:11 GMT 2016, units=350, pricePerUnit=150.50]
 2017-03-28 12:37:11 INFO  CurrencyExchangeEngine:132 - Instruction [instructionId=11, entity=gar, tradeAmount=38856.90, instructionType=B, agreedFX=0.85, currency=GBP, instructionDate=Fri Jan 01 12:37:11 GMT 2016, settlementDate=Fri Jan 01 12:37:11 GMT 2016, units=456, pricePerUnit=100.25]
 2017-03-28 12:37:11 INFO  CurrencyExchangeEngine:132 - Instruction [instructionId=5, entity=gar, tradeAmount=21303.12, instructionType=B, agreedFX=0.85, currency=GBP, instructionDate=Fri Jan 01 12:37:11 GMT 2016, settlementDate=Fri Jan 01 12:37:11 GMT 2016, units=250, pricePerUnit=100.25]
 2017-03-28 12:37:11 INFO  CurrencyExchangeEngine:132 - Instruction [instructionId=7, entity=foo, tradeAmount=18997.37, instructionType=B, agreedFX=0.50, currency=SAR, instructionDate=Fri Jan 01 12:37:11 GMT 2016, settlementDate=Sun Jan 03 12:37:11 GMT 2016, units=379, pricePerUnit=100.25]
 2017-03-28 12:37:11 INFO  CurrencyExchangeEngine:132 - Instruction [instructionId=10, entity=gar, tradeAmount=15734.77, instructionType=B, agreedFX=0.85, currency=GBP, instructionDate=Tue Jan 05 12:37:11 GMT 2016, settlementDate=Tue Jan 05 12:37:11 GMT 2016, units=123, pricePerUnit=150.50]
 2017-03-28 12:37:11 INFO  CurrencyExchangeEngine:132 - Instruction [instructionId=1, entity=foo, tradeAmount=8020.00, instructionType=B, agreedFX=0.40, currency=SAR, instructionDate=Fri Jan 01 12:37:11 GMT 2016, settlementDate=Sun Jan 03 12:37:11 GMT 2016, units=200, pricePerUnit=100.25]
 2017-03-28 12:37:11 INFO  CurrencyExchangeEngine:134 - ***************************************************

 2017-03-28 12:37:11 INFO  CurrencyExchangeEngine:135 - ************* Amount in USD settled outgoing everyday ****************115970.41
 2017-03-28 12:37:41 INFO  CurrencyExchangeEngine:119 - ************* Incoming Instruction ****************
 2017-03-28 12:37:41 INFO  CurrencyExchangeEngine:122 - Instruction [instructionId=12, entity=foo, tradeAmount=49213.50, instructionType=S, agreedFX=0.50, currency=SAR, instructionDate=Tue Jan 05 12:37:41 GMT 2016, settlementDate=Tue Jan 05 12:37:41 GMT 2016, units=654, pricePerUnit=150.50]
 2017-03-28 12:37:41 INFO  CurrencyExchangeEngine:122 - Instruction [instructionId=9, entity=tar, tradeAmount=17699.14, instructionType=S, agreedFX=0.55, currency=USD, instructionDate=Fri Jan 01 12:37:41 GMT 2016, settlementDate=Fri Jan 01 12:37:41 GMT 2016, units=321, pricePerUnit=100.25]
 2017-03-28 12:37:41 INFO  CurrencyExchangeEngine:122 - Instruction [instructionId=6, entity=foo, tradeAmount=15591.80, instructionType=S, agreedFX=0.40, currency=SAR, instructionDate=Tue Jan 05 12:37:41 GMT 2016, settlementDate=Tue Jan 05 12:37:41 GMT 2016, units=259, pricePerUnit=150.50]
 2017-03-28 12:37:41 INFO  CurrencyExchangeEngine:122 - Instruction [instructionId=2, entity=bar, tradeAmount=14899.50, instructionType=S, agreedFX=0.22, currency=AED, instructionDate=Tue Jan 05 12:37:41 GMT 2016, settlementDate=Tue Jan 05 12:37:41 GMT 2016, units=450, pricePerUnit=150.50]
 2017-03-28 12:37:41 INFO  CurrencyExchangeEngine:122 - Instruction [instructionId=3, entity=tar, tradeAmount=5513.75, instructionType=S, agreedFX=0.55, currency=USD, instructionDate=Fri Jan 01 12:37:41 GMT 2016, settlementDate=Fri Jan 01 12:37:41 GMT 2016, units=100, pricePerUnit=100.25]
 2017-03-28 12:37:41 INFO  CurrencyExchangeEngine:122 - Instruction [instructionId=8, entity=bar, tradeAmount=5032.72, instructionType=S, agreedFX=0.22, currency=AED, instructionDate=Tue Jan 05 12:37:41 GMT 2016, settlementDate=Tue Jan 05 12:37:41 GMT 2016, units=152, pricePerUnit=150.50]
 2017-03-28 12:37:41 INFO  CurrencyExchangeEngine:125 - ***************************************************

 2017-03-28 12:37:41 INFO  CurrencyExchangeEngine:126 - Amount in USD settled incoming everyday ****************107950.41

 2017-03-28 12:37:41 INFO  CurrencyExchangeEngine:129 - ************* Outgoing Instruction ****************
 2017-03-28 12:37:41 INFO  CurrencyExchangeEngine:132 - Instruction [instructionId=4, entity=gar, tradeAmount=44773.75, instructionType=B, agreedFX=0.85, currency=GBP, instructionDate=Tue Jan 05 12:37:41 GMT 2016, settlementDate=Tue Jan 05 12:37:41 GMT 2016, units=350, pricePerUnit=150.50]
 2017-03-28 12:37:41 INFO  CurrencyExchangeEngine:132 - Instruction [instructionId=11, entity=gar, tradeAmount=38856.90, instructionType=B, agreedFX=0.85, currency=GBP, instructionDate=Fri Jan 01 12:37:41 GMT 2016, settlementDate=Fri Jan 01 12:37:41 GMT 2016, units=456, pricePerUnit=100.25]
 2017-03-28 12:37:41 INFO  CurrencyExchangeEngine:132 - Instruction [instructionId=5, entity=gar, tradeAmount=21303.12, instructionType=B, agreedFX=0.85, currency=GBP, instructionDate=Fri Jan 01 12:37:41 GMT 2016, settlementDate=Fri Jan 01 12:37:41 GMT 2016, units=250, pricePerUnit=100.25]
 2017-03-28 12:37:41 INFO  CurrencyExchangeEngine:132 - Instruction [instructionId=7, entity=foo, tradeAmount=18997.37, instructionType=B, agreedFX=0.50, currency=SAR, instructionDate=Fri Jan 01 12:37:41 GMT 2016, settlementDate=Sun Jan 03 12:37:41 GMT 2016, units=379, pricePerUnit=100.25]
 2017-03-28 12:37:41 INFO  CurrencyExchangeEngine:132 - Instruction [instructionId=10, entity=gar, tradeAmount=15734.77, instructionType=B, agreedFX=0.85, currency=GBP, instructionDate=Tue Jan 05 12:37:41 GMT 2016, settlementDate=Tue Jan 05 12:37:41 GMT 2016, units=123, pricePerUnit=150.50]
 2017-03-28 12:37:41 INFO  CurrencyExchangeEngine:132 - Instruction [instructionId=1, entity=foo, tradeAmount=8020.00, instructionType=B, agreedFX=0.40, currency=SAR, instructionDate=Fri Jan 01 12:37:41 GMT 2016, settlementDate=Sun Jan 03 12:37:41 GMT 2016, units=200, pricePerUnit=100.25]
 2017-03-28 12:37:41 INFO  CurrencyExchangeEngine:134 - ***************************************************

 2017-03-28 12:37:41 INFO  CurrencyExchangeEngine:135 - Amount in USD settled outgoing everyday ****************115970.41
 2017-03-28 18:26:51 INFO  CurrencyExchangeEngine:119 - ************* Incoming Instruction ****************
 2017-03-28 18:26:51 INFO  CurrencyExchangeEngine:122 - Instruction [instructionId=12, entity=foo, tradeAmount=49213.50, instructionType=S, agreedFX=0.50, currency=SAR, instructionDate=Tue Jan 05 18:26:51 GMT 2016, settlementDate=Tue Jan 05 18:26:51 GMT 2016, units=654, pricePerUnit=150.50]
 2017-03-28 18:26:51 INFO  CurrencyExchangeEngine:122 - Instruction [instructionId=9, entity=tar, tradeAmount=17699.14, instructionType=S, agreedFX=0.55, currency=USD, instructionDate=Fri Jan 01 18:26:51 GMT 2016, settlementDate=Fri Jan 01 18:26:51 GMT 2016, units=321, pricePerUnit=100.25]
 2017-03-28 18:26:51 INFO  CurrencyExchangeEngine:122 - Instruction [instructionId=6, entity=foo, tradeAmount=15591.80, instructionType=S, agreedFX=0.40, currency=SAR, instructionDate=Tue Jan 05 18:26:51 GMT 2016, settlementDate=Tue Jan 05 18:26:51 GMT 2016, units=259, pricePerUnit=150.50]
 2017-03-28 18:26:51 INFO  CurrencyExchangeEngine:122 - Instruction [instructionId=2, entity=bar, tradeAmount=14899.50, instructionType=S, agreedFX=0.22, currency=AED, instructionDate=Tue Jan 05 18:26:51 GMT 2016, settlementDate=Tue Jan 05 18:26:51 GMT 2016, units=450, pricePerUnit=150.50]
 2017-03-28 18:26:51 INFO  CurrencyExchangeEngine:122 - Instruction [instructionId=3, entity=tar, tradeAmount=5513.75, instructionType=S, agreedFX=0.55, currency=USD, instructionDate=Fri Jan 01 18:26:51 GMT 2016, settlementDate=Fri Jan 01 18:26:51 GMT 2016, units=100, pricePerUnit=100.25]
 2017-03-28 18:26:51 INFO  CurrencyExchangeEngine:122 - Instruction [instructionId=8, entity=bar, tradeAmount=5032.72, instructionType=S, agreedFX=0.22, currency=AED, instructionDate=Tue Jan 05 18:26:51 GMT 2016, settlementDate=Tue Jan 05 18:26:51 GMT 2016, units=152, pricePerUnit=150.50]
 2017-03-28 18:26:51 INFO  CurrencyExchangeEngine:125 - ***************************************************

 2017-03-28 18:26:51 INFO  CurrencyExchangeEngine:126 - Amount in USD settled incoming everyday ****************107950.41

 2017-03-28 18:26:51 INFO  CurrencyExchangeEngine:129 - ************* Outgoing Instruction ****************
 2017-03-28 18:26:51 INFO  CurrencyExchangeEngine:132 - Instruction [instructionId=4, entity=gar, tradeAmount=44773.75, instructionType=B, agreedFX=0.85, currency=GBP, instructionDate=Tue Jan 05 18:26:51 GMT 2016, settlementDate=Tue Jan 05 18:26:51 GMT 2016, units=350, pricePerUnit=150.50]
 2017-03-28 18:26:51 INFO  CurrencyExchangeEngine:132 - Instruction [instructionId=11, entity=gar, tradeAmount=38856.90, instructionType=B, agreedFX=0.85, currency=GBP, instructionDate=Fri Jan 01 18:26:51 GMT 2016, settlementDate=Fri Jan 01 18:26:51 GMT 2016, units=456, pricePerUnit=100.25]
 2017-03-28 18:26:51 INFO  CurrencyExchangeEngine:132 - Instruction [instructionId=5, entity=gar, tradeAmount=21303.12, instructionType=B, agreedFX=0.85, currency=GBP, instructionDate=Fri Jan 01 18:26:51 GMT 2016, settlementDate=Fri Jan 01 18:26:51 GMT 2016, units=250, pricePerUnit=100.25]
 2017-03-28 18:26:51 INFO  CurrencyExchangeEngine:132 - Instruction [instructionId=7, entity=foo, tradeAmount=18997.37, instructionType=B, agreedFX=0.50, currency=SAR, instructionDate=Fri Jan 01 18:26:51 GMT 2016, settlementDate=Sun Jan 03 18:26:51 GMT 2016, units=379, pricePerUnit=100.25]
 2017-03-28 18:26:51 INFO  CurrencyExchangeEngine:132 - Instruction [instructionId=10, entity=gar, tradeAmount=15734.77, instructionType=B, agreedFX=0.85, currency=GBP, instructionDate=Tue Jan 05 18:26:51 GMT 2016, settlementDate=Tue Jan 05 18:26:51 GMT 2016, units=123, pricePerUnit=150.50]
 2017-03-28 18:26:51 INFO  CurrencyExchangeEngine:132 - Instruction [instructionId=1, entity=foo, tradeAmount=8020.00, instructionType=B, agreedFX=0.40, currency=SAR, instructionDate=Fri Jan 01 18:26:51 GMT 2016, settlementDate=Sun Jan 03 18:26:51 GMT 2016, units=200, pricePerUnit=100.25]
 2017-03-28 18:26:51 INFO  CurrencyExchangeEngine:134 - ***************************************************

 2017-03-28 18:26:51 INFO  CurrencyExchangeEngine:135 - Amount in USD settled outgoing everyday ****************115970.41
 